============================= test session starts ==============================
platform darwin -- Python 3.13.4, pytest-8.4.1, pluggy-1.6.0 -- /Users/chris.beltran/code/ClarityGR/poc-aifac-claritygr/venv/bin/python3.13
cachedir: .pytest_cache
rootdir: /Users/chris.beltran/code/ClarityGR/poc-aifac-claritygr/src/mcp-server-tools/tests
configfile: pytest.ini
plugins: anyio-4.9.0, asyncio-1.0.0
asyncio: mode=Mode.STRICT, asyncio_default_fixture_loop_scope=None, asyncio_default_test_loop_scope=function
collecting ... collected 5 items

test_real_files.py::TestRealFiles::test_file_detection 
📁 Testing 19 real files
  Checking: 10691_2019_20250ano.txt
    ✅ Text file detected
  Checking: .DS_Store
    ⚠️  Unsupported format
  Checking: .pytest_cache
    ⚠️  Unsupported format
  Checking: SimbadScan2014149.pdf
    ✅ OCR-supported file detected
  Checking: 10693_20250_2025_ano.txt
    ✅ Text file detected
  Checking: CO1104106785980 conv 1.pdf
    ✅ OCR-supported file detected
  Checking: CO1104106785980 conv 2.pdf
    ✅ OCR-supported file detected
  Checking: 106925_Philips conv.pdf
    ✅ OCR-supported file detected
  Checking: 5106795conv 1.pdf
    ✅ OCR-supported file detected
  Checking: 106940338__20250414_ano.txt
    ✅ Text file detected
  Checking: 10693_20250_20414_ano.txt
    ✅ Text file detected

📊 File Analysis:
  Text files: 4
  PDF/OCR files: 5
  Unsupported: 2
PASSED
test_real_files.py::TestRealFiles::test_text_file_parsing_with_output PASSED
test_real_files.py::TestRealFiles::test_all_pdfs_real_ocr 
🔄 Processing ALL PDFs with Real OCR
  API Key: E1eBVfyK6N...

  📄 Processing: 10691_2019_20250ano.txt (0.0 MB)
Chunk 1:
#$$1GDEPARTEMENT DE MEDECINE ONCOLOGIQUE - SERVICE DE DERMATOLOGIE#$#$ Dicté par :  $0G Docteur Madona Sakkal$1G#$Dicté le : $0G 11/04/2025 $1G#$Service : $0G 090-CTE 090 - DERMATOLOGIE #$$1GType de document : $0G 090 CC GENERIQUE #$$1GRef :$0G 3133870 #$_____________________________________________________________#$#$$1GPatient : $0G $1G#$Identifiant :$0G 201910010RM $1G#$Date de naissance :$0G 06/03/1965 #$$1GSexe: $0G Masculin  #$_____________________________________________________________#$#$$1G#$#$ Finalisation du document : $0G 17/04/2025 12:47$1G#$Secrétaire : $0G Agnès Bouskri$1G#$________________________________________________________#$$0G #$$1S$1GConsultation de Dermatologie du 11/04/2025 : #$$0S$0G #$Patient suivi pour un mélanome pectoral initialement de stade IIIA, #$muté BRAF V600E, traité par immunothérapie adjuvante entre le #$02/11/2019 et 07/10/2020 compliquée d'une Pemphigoîde cicatricielle #$de la muqueuse buccale de grade III. Récidive du mélanome avec un #$nodule pulmonaire unique en juillet 2023 traité en première ligne #$métastatique par PEMBROLIZUMAB du 26/09/2023 au 14/05/2024 (arrêt sur #$progression tumorale ainsi qu'une majoration de la toxicité buccale #$depuis janvier 2024).#$Actuellement sous traitement par encorafénib/binimétinib en 2ème #$ligne métastatique, C1J1 le 11/06/2024.#$Radiothérapie de l'adénopathie porto-cave réalisée du 14/10/2024 au #$18/10/2024.#$#$$1GHISTOIRE DE LA MALADIE :#$$0G - 23/05/2019 : exérèse d'un mélanome pectoral de 3 mm de Breslow, #$ulcéré. #$- 03/09/2019 : reprise d'exérèse et ganglion sentinelle : remaniement #$fibro-cicatriciel et granulome de type résorptif, absence de reliquat #$tumoral. Ganglions sentinelles axillaire gauche : 1 N+ R-/2 N.#$#$Bilan d'extension initial :#$- Scanner C-TAP 07/2019 : ascension de la coupole diaphragmatique #$droite, nodule hypodense de 10 mm du segment VII hépatique, #$compatible avec un kyste biliaire, une splénomégalie de 13 cm, #$diverticules sigmoîdiens et coliques. #$#$Au total, mélanome T3bN1aM0 soit un stade IIIA de la classification #$AJCC 2017 (8e édition). #$Présence d'une mutation BRAF V600E.#$#$- Traitement adjuvant par NIVOLUMAB 240 mg J1=J14, J1 le 02/11/2019 #$(en alternance avec Montargis) dernière cure le 07/10/2020. #$#$$1GSURVEILLANCE RADIOLOGIQUE (SE REFERER AU CR DE CONSULTATION DU #$08/03/2024).#$#$TOLERANCE DE L'IMMUNOTHERAPIE ADJUVANTE :#$$0G - Dysthyroîdie supplémentée par LEVOTHYROX depuis mai 2020. Suivie #$par Dr KOUSSA. #$- Pemphigoîde cicatricielle atteignant la muqueuse buccale et le #$front suivie initialement au KB. IFD le 18/02/2021 : dépôt linéaire #$et discontinu de IgG et situé en bordure de décollement. Histologie #$non spécifique dans la bouche #$(tissu de granulation) et atteinte spécifique sur la peau du front #$avec décollement sous épidermique avec un infiltrat à prédominance #$lymphocytaire. Pas d'atteinte de muqueuse ophtalmique, ni ORL autre #$que la bouche, pas de douleur anorectale.#$Echec du traitement initial par dermocorticoîdes, puis échec de #$traitement par Doxycycline, puis sous Disulone depuis le 16/04/2021, #$suivi par Dr GOTTLIEB au Kremlin Bicêtre.#$- Consultation de suivi avec le Dr GOTTLIEB le 28/04/2022 : il existe #$une contre-indication assez formelle à la reprise du GLIPTIN. #$Prescription d'un test au Synacthène puis arrêt si possible de #$l'hydrocortisone. EMG de principe. Baisse progressive des traitements #$en commençant par la Salazopyrine. Résultat biologique du 19/07/2022 #$»: #$glycémie à jeun à 1,23 g/l, HbA1c 5,9 % (chez un patient diabétique), #$triglycérides 5,46 g/l, cholestérol total 1,89 g/l, HDL 0,33 g/l, LDL #$0,72 g/l, TSH 1,45.#$- Il est en rémission complète avec arrêt du CORTANCYL depuis avril #$2022 et arrêt de la DOXYCYCLINE. Arrêt également de l'hydrocortisone #$après réalisation du test au Synacthène. #$A noter que la Disulone a été arrêtée par le patient depuis le #$26/08/2022.#$- EMG le 07/06/2022 : neuropathie à prédominance sensitive d
----------------------------------------
Model response for chunk 1: 4912 characters
Added new chunk with section_id: 1
Added new chunk with section_id: 2
MERGE DETECTED - Concatenating with previous chunk
**Previous chunk content:
#$$1GHISTOIRE DE LA MALADIE :#$$0G - 23/05/2019 : exérèse d'un mélanome pectoral de 3 mm de Breslow, #$ulcéré. #$- 03/09/2019 : reprise d'exérèse et ganglion sentinelle : remaniement #$fibro-cicatriciel et granulome de type résorptif, absence de reliquat #$tumoral. Ganglions sentinelles axillaire gauche : 1 N+ R-/2 N.
**New content to merge:
#$Bilan d'extension initial :#$- Scanner C-TAP 07/2019 : ascension de la coupole diaphragmatique #$droite, nodule hypodense de 10 mm du segment VII hépatique, #$compatible avec un kyste biliaire, une splénomégalie de 13 cm, #$diverticules sigmoîdiens et coliques. #$#$Au total, mélanome T3bN1aM0 soit un stade IIIA de la classification #$AJCC 2017 (8e édition). #$Présence d'une mutation BRAF V600E.
MERGE DETECTED - Concatenating with previous chunk
**Previous chunk content:
#$$1GHISTOIRE DE LA MALADIE :#$$0G - 23/05/2019 : exérèse d'un mélanome pectoral de 3 mm de Breslow, #$ulcéré. #$- 03/09/2019 : reprise d'exérèse et ganglion sentinelle : remaniement #$fibro-cicatriciel et granulome de type résorptif, absence de reliquat #$tumoral. Ganglions sentinelles axillaire gauche : 1 N+ R-/2 N.#$Bilan d'extension initial :#$- Scanner C-TAP 07/2019 : ascension de la coupole diaphragmatique #$droite, nodule hypodense de 10 mm du segment VII hépatique, #$compatible avec un kyste biliaire, une splénomégalie de 13 cm, #$diverticules sigmoîdiens et coliques. #$#$Au total, mélanome T3bN1aM0 soit un stade IIIA de la classification #$AJCC 2017 (8e édition). #$Présence d'une mutation BRAF V600E.
**New content to merge:
#$- Traitement adjuvant par NIVOLUMAB 240 mg J1=J14, J1 le 02/11/2019 #$(en alternance avec Montargis) dernière cure le 07/10/2020.
Added new chunk with section_id: 5
Added new chunk with section_id: 6
MERGE DETECTED - Concatenating with previous chunk
**Previous chunk content:
#$#$TOLERANCE DE L'IMMUNOTHERAPIE ADJUVANTE :#$$0G - Dysthyroîdie supplémentée par LEVOTHYROX depuis mai 2020. Suivie #$par Dr KOUSSA. #$- Pemphigoîde cicatricielle atteignant la muqueuse buccale et le #$front suivie initialement au KB. IFD le 18/02/2021 : dépôt linéaire #$et discontinu de IgG et situé en bordure de décollement. Histologie #$non spécifique dans la bouche #$(tissu de granulation) et atteinte spécifique sur la peau du front #$avec décollement sous épidermique avec un infiltrat à prédominance #$lymphocytaire. Pas d'atteinte de muqueuse ophtalmique, ni ORL autre #$que la bouche, pas de douleur anorectale.#$Echec du traitement initial par dermocorticoîdes, puis échec de #$traitement par Doxycycline, puis sous Disulone depuis le 16/04/2021, #$suivi par Dr GOTTLIEB au Kremlin Bicêtre.
**New content to merge:
#$- Consultation de suivi avec le Dr GOTTLIEB le 28/04/2022 : il existe #$une contre-indication assez formelle à la reprise du GLIPTIN. #$Prescription d'un test au Synacthène puis arrêt si possible de #$l'hydrocortisone. EMG de principe. Baisse progressive des traitements #$en commençant par la Salazopyrine. Résultat biologique du 19/07/2022 #$»: #$glycémie à jeun à 1,23 g/l, HbA1c 5,9 % (chez un patient diabétique), #$triglycérides 5,46 g/l, cholestérol total 1,89 g/l, HDL 0,33 g/l, LDL #$0,72 g/l, TSH 1,45.
MERGE DETECTED - Concatenating with previous chunk
**Previous chunk content:
#$#$TOLERANCE DE L'IMMUNOTHERAPIE ADJUVANTE :#$$0G - Dysthyroîdie supplémentée par LEVOTHYROX depuis mai 2020. Suivie #$par Dr KOUSSA. #$- Pemphigoîde cicatricielle atteignant la muqueuse buccale et le #$front suivie initialement au KB. IFD le 18/02/2021 : dépôt linéaire #$et discontinu de IgG et situé en bordure de décollement. Histologie #$non spécifique dans la bouche #$(tissu de granulation) et atteinte spécifique sur la peau du front #$avec décollement sous épidermique avec un infiltrat à prédominance #$lymphocytaire. Pas d'atteinte de muqueuse ophtalmique, ni ORL autre #$que la bouche, pas de douleur anorectale.#$Echec du traitement initial par dermocorticoîdes, puis échec de #$traitement par Doxycycline, puis sous Disulone depuis le 16/04/2021, #$suivi par Dr GOTTLIEB au Kremlin Bicêtre.#$- Consultation de suivi avec le Dr GOTTLIEB le 28/04/2022 : il existe #$une contre-indication assez formelle à la reprise du GLIPTIN. #$Prescription d'un test au Synacthène puis arrêt si possible de #$l'hydrocortisone. EMG de principe. Baisse progressive des traitements #$en commençant par la Salazopyrine. Résultat biologique du 19/07/2022 #$»: #$glycémie à jeun à 1,23 g/l, HbA1c 5,9 % (chez un patient diabétique), #$triglycérides 5,46 g/l, cholestérol total 1,89 g/l, HDL 0,33 g/l, LDL #$0,72 g/l, TSH 1,45.
**New content to merge:
#$- Il est en rémission complète avec arrêt du CORTANCYL depuis avril #$2022 et arrêt de la DOXYCYCLINE. Arrêt également de l'hydrocortisone #$après réalisation du test au Synacthène. #$A noter que la Disulone a été arrêtée par le patient depuis le #$26/08/2022.
MERGE DETECTED - Concatenating with previous chunk
**Previous chunk content:
#$#$TOLERANCE DE L'IMMUNOTHERAPIE ADJUVANTE :#$$0G - Dysthyroîdie supplémentée par LEVOTHYROX depuis mai 2020. Suivie #$par Dr KOUSSA. #$- Pemphigoîde cicatricielle atteignant la muqueuse buccale et le #$front suivie initialement au KB. IFD le 18/02/2021 : dépôt linéaire #$et discontinu de IgG et situé en bordure de décollement. Histologie #$non spécifique dans la bouche #$(tissu de granulation) et atteinte spécifique sur la peau du front #$avec décollement sous épidermique avec un infiltrat à prédominance #$lymphocytaire. Pas d'atteinte de muqueuse ophtalmique, ni ORL autre #$que la bouche, pas de douleur anorectale.#$Echec du traitement initial par dermocorticoîdes, puis échec de #$traitement par Doxycycline, puis sous Disulone depuis le 16/04/2021, #$suivi par Dr GOTTLIEB au Kremlin Bicêtre.#$- Consultation de suivi avec le Dr GOTTLIEB le 28/04/2022 : il existe #$une contre-indication assez formelle à la reprise du GLIPTIN. #$Prescription d'un test au Synacthène puis arrêt si possible de #$l'hydrocortisone. EMG de principe. Baisse progressive des traitements #$en commençant par la Salazopyrine. Résultat biologique du 19/07/2022 #$»: #$glycémie à jeun à 1,23 g/l, HbA1c 5,9 % (chez un patient diabétique), #$triglycérides 5,46 g/l, cholestérol total 1,89 g/l, HDL 0,33 g/l, LDL #$0,72 g/l, TSH 1,45.#$- Il est en rémission complète avec arrêt du CORTANCYL depuis avril #$2022 et arrêt de la DOXYCYCLINE. Arrêt également de l'hydrocortisone #$après réalisation du test au Synacthène. #$A noter que la Disulone a été arrêtée par le patient depuis le #$26/08/2022.
**New content to merge:
#$- EMG le 07/06/2022 : neuropathie à prédominance sensitive d"
Chunk 2:
istale #$des membres inférieurs, modérée, n'expliquant pas la faiblesse #$proximale d'allure musculaire et probablement secondaire à #$hypothyroîdie et la corticothérapie, à suivre. Demande de réalisation #$de dosage des CPK.#$- Consultation Dr GOTTLIEB le 03/10/2022 : il existe une #$contre-indication assez formelle à la reprise d'une GLIPTINE. #$Rémission partielle voire complète de la pemphigoîde bulleuse des #$muqueuses (les 2 dernières bulles séro-hématiques qui ont guéri #$spontanément en 7 jours peuvent être liées à de la fragilité #$gingivale). Poursuivre une surveillance seule.#$- Le patient est également suivi en endocrinologie pour son #$hypothyroîdie sous LEVOTHYROX. Sur le plan du diabète, arrêt du #$DIAMICRON et poursuite FORXIGA.#$- Consultation Dr GOTTLIEB le 20/03/2023 : il garde une fragilité de #$la muqueuse buccale sans récidive de lésion bulleuse. Il identifie #$les nitrites comme aggravant potentiel (possible réaction de contact #$surajoutée ?). Sur la peau, prurit intermittent contrôlé par le #$patient. Pour rappel, contre-indication définitive à la reprise de #$GLIPTINE pour le diabète.#$- Il a consulté son dentiste en Juin 2023 : pas de traitement #$spécifique prescrit, pas d'indication à une consultation en #$stomatologie.#$- Consultation de contrôle avec son cardiologue le 23/01/2024 : #$examen satisfaisant.#$#$$1GRECIDIVE EN PULMONAIRE :#$$0G - Scanner C-TAP du 20/06/2023 : présence d'un nodule lobaire #$inférieur droit de 13 mm, pas d'autre anomalie du parenchyme #$pulmonaire.#$- Relecture à GR : examen comparé au scanner du 02/05/2022 : #$apparition d'un nodule solide de 11 mm du segment apical du lobe #$inférieur droit, mesurant 11 mm (image 231, série 4), et n'était pas #$visible sur le Pet-scanner du 21/11/2022, d'allure suspect. Pas #$d'autre lésion suspecte.#$- TEP scanner le 07/07/2023 : en comparaison avec la TEP du #$21/11/2022 : #$apparition d'un nodule pulmonaire droit de 12 mm se projetant sur #$l'apical du lobe inférieur droit moyennement hypermétabolique SUVmax #$6.3. Absence d'apparition de foyer suspect sur le reste du champ #$corporel exploré.#$- RCP pneumologique du 13/07/2023 : on propose d'effectuer une #$biopsie pulmonaire en radiologie interventionnelle et de rediscuter #$de la stratégie thérapeutique avec le résultat anatomo pathologique.#$- Biopsie réalisée en RI le 14/08/2023 : CRH : BIOPSIE PULMONAIRE #$LID : localisation pulmonaire du mélanome connu (prélèvement #$totalement #$tumoral).#$- RCP dermatologique du 29/08/2023 : on propose de reprendre un #$traitement par immunothérapie anti PD1 en monothérapie par #$pembrolizumab 200 mg / 3 sem pour les 3 premiers mois puis possible #$si #$bonne tolérance passage à toutes les 6 semaines, en première ligne #$métastatique. Cela, sous réserve de l'avis de la RCP immunotox afin #$de discuter des antécédents de toxicités cutanée et neurologique.#$- RCP TOX le 30/08/2023 : toxicité neurologique non imputable. Pas de #$contre-indication à la reprise de l'immunothérapie.#$#$* Première ligne métastatique par PEMBROLIZUMAB réalisée au CHAM #$Montargis C1J1 le 26/09/2023 jusqu'au 14/05/2024(la cure du #$12/03/2024 #$n'a pas été réalisée devant la majoration de la toxicité buccale) :#$arrêt pour progression tumorale unique de l'adénopathie lomboaortique #$droite précave et devant la majoration de la toxicité buccale.#$#$$1GSURVEILLANCE RADIOLOGIQUE SOUS PEMBROLIZUMAB : (se référer au CR du #$07/02/2025)#$$0G #$$1GTOLERANCE DE L'IMMUNOTHERAPIE EN PHASE METASTATIQUE :#$$0G - Récidive depuis janvier 2024 soit après 3 mois du début du #$traitement par immunothérapie des lésions de pemphigoîde bulleuse #$cicatricielle de la muqueuse buccale qui étaient très douloureuses. #$Son oncologue à Montargis lui a prescrit depuis le 30/01/2024 du #$Solupred oro en bain de bouche sans nette amélioration #$notée. Nette majoration de sa pemphigoîde bulleuse cicatricielle #$buccale depuis le 27/05/2024 avec apparition de multiples lésions #$endobuccales do
----------------------------------------
Model response for chunk 2: 5314 characters
MERGE DETECTED - Concatenating with previous chunk
**Previous chunk content:
#$#$TOLERANCE DE L'IMMUNOTHERAPIE ADJUVANTE :#$$0G - Dysthyroîdie supplémentée par LEVOTHYROX depuis mai 2020. Suivie #$par Dr KOUSSA. #$- Pemphigoîde cicatricielle atteignant la muqueuse buccale et le #$front suivie initialement au KB. IFD le 18/02/2021 : dépôt linéaire #$et discontinu de IgG et situé en bordure de décollement. Histologie #$non spécifique dans la bouche #$(tissu de granulation) et atteinte spécifique sur la peau du front #$avec décollement sous épidermique avec un infiltrat à prédominance #$lymphocytaire. Pas d'atteinte de muqueuse ophtalmique, ni ORL autre #$que la bouche, pas de douleur anorectale.#$Echec du traitement initial par dermocorticoîdes, puis échec de #$traitement par Doxycycline, puis sous Disulone depuis le 16/04/2021, #$suivi par Dr GOTTLIEB au Kremlin Bicêtre.#$- Consultation de suivi avec le Dr GOTTLIEB le 28/04/2022 : il existe #$une contre-indication assez formelle à la reprise du GLIPTIN. #$Prescription d'un test au Synacthène puis arrêt si possible de #$l'hydrocortisone. EMG de principe. Baisse progressive des traitements #$en commençant par la Salazopyrine. Résultat biologique du 19/07/2022 #$»: #$glycémie à jeun à 1,23 g/l, HbA1c 5,9 % (chez un patient diabétique), #$triglycérides 5,46 g/l, cholestérol total 1,89 g/l, HDL 0,33 g/l, LDL #$0,72 g/l, TSH 1,45.#$- Il est en rémission complète avec arrêt du CORTANCYL depuis avril #$2022 et arrêt de la DOXYCYCLINE. Arrêt également de l'hydrocortisone #$après réalisation du test au Synacthène. #$A noter que la Disulone a été arrêtée par le patient depuis le #$26/08/2022.#$- EMG le 07/06/2022 : neuropathie à prédominance sensitive d"
**New content to merge:
istale #$des membres inférieurs, modérée, n'expliquant pas la faiblesse #$proximale d'allure musculaire et probablement secondaire à #$hypothyroîdie et la corticothérapie, à suivre. Demande de réalisation #$de dosage des CPK.#$- Consultation Dr GOTTLIEB le 03/10/2022 : il existe une #$contre-indication assez formelle à la reprise d'une GLIPTINE. #$Rémission partielle voire complète de la pemphigoîde bulleuse des #$muqueuses (les 2 dernières bulles séro-hématiques qui ont guéri #$spontanément en 7 jours peuvent être liées à de la fragilité #$gingivale). Poursuivre une surveillance seule.#$- Le patient est également suivi en endocrinologie pour son #$hypothyroîdie sous LEVOTHYROX. Sur le plan du diabète, arrêt du #$DIAMICRON et poursuite FORXIGA.
Added new chunk with section_id: 6
Added new chunk with section_id: 7
Added new chunk with section_id: 8
Added new chunk with section_id: 9
MERGE DETECTED - Concatenating with previous chunk
**Previous chunk content:
#$$1GRECIDIVE EN PULMONAIRE :#$$0G - Scanner C-TAP du 20/06/2023 : présence d'un nodule lobaire #$inférieur droit de 13 mm, pas d'autre anomalie du parenchyme #$pulmonaire.#$- Relecture à GR : examen comparé au scanner du 02/05/2022 : #$apparition d'un nodule solide de 11 mm du segment apical du lobe #$inférieur droit, mesurant 11 mm (image 231, série 4), et n'était pas #$visible sur le Pet-scanner du 21/11/2022, d'allure suspect. Pas #$d'autre lésion suspecte.
**New content to merge:
#$- TEP scanner le 07/07/2023 : en comparaison avec la TEP du #$21/11/2022 : #$apparition d'un nodule pulmonaire droit de 12 mm se projetant sur #$l'apical du lobe inférieur droit moyennement hypermétabolique SUVmax #$6.3. Absence d'apparition de foyer suspect sur le reste du champ #$corporel exploré.
MERGE DETECTED - Concatenating with previous chunk
**Previous chunk content:
#$$1GRECIDIVE EN PULMONAIRE :#$$0G - Scanner C-TAP du 20/06/2023 : présence d'un nodule lobaire #$inférieur droit de 13 mm, pas d'autre anomalie du parenchyme #$pulmonaire.#$- Relecture à GR : examen comparé au scanner du 02/05/2022 : #$apparition d'un nodule solide de 11 mm du segment apical du lobe #$inférieur droit, mesurant 11 mm (image 231, série 4), et n'était pas #$visible sur le Pet-scanner du 21/11/2022, d'allure suspect. Pas #$d'autre lésion suspecte.#$- TEP scanner le 07/07/2023 : en comparaison avec la TEP du #$21/11/2022 : #$apparition d'un nodule pulmonaire droit de 12 mm se projetant sur #$l'apical du lobe inférieur droit moyennement hypermétabolique SUVmax #$6.3. Absence d'apparition de foyer suspect sur le reste du champ #$corporel exploré.
**New content to merge:
#$- RCP pneumologique du 13/07/2023 : on propose d'effectuer une #$biopsie pulmonaire en radiologie interventionnelle et de rediscuter #$de la stratégie thérapeutique avec le résultat anatomo pathologique.
MERGE DETECTED - Concatenating with previous chunk
**Previous chunk content:
#$$1GRECIDIVE EN PULMONAIRE :#$$0G - Scanner C-TAP du 20/06/2023 : présence d'un nodule lobaire #$inférieur droit de 13 mm, pas d'autre anomalie du parenchyme #$pulmonaire.#$- Relecture à GR : examen comparé au scanner du 02/05/2022 : #$apparition d'un nodule solide de 11 mm du segment apical du lobe #$inférieur droit, mesurant 11 mm (image 231, série 4), et n'était pas #$visible sur le Pet-scanner du 21/11/2022, d'allure suspect. Pas #$d'autre lésion suspecte.#$- TEP scanner le 07/07/2023 : en comparaison avec la TEP du #$21/11/2022 : #$apparition d'un nodule pulmonaire droit de 12 mm se projetant sur #$l'apical du lobe inférieur droit moyennement hypermétabolique SUVmax #$6.3. Absence d'apparition de foyer suspect sur le reste du champ #$corporel exploré.#$- RCP pneumologique du 13/07/2023 : on propose d'effectuer une #$biopsie pulmonaire en radiologie interventionnelle et de rediscuter #$de la stratégie thérapeutique avec le résultat anatomo pathologique.
**New content to merge:
#$- Biopsie réalisée en RI le 14/08/2023 : CRH : BIOPSIE PULMONAIRE #$LID : localisation pulmonaire du mélanome connu (prélèvement #$totalement #$tumoral).
Added new chunk with section_id: 13
MERGE DETECTED - Concatenating with previous chunk
**Previous chunk content:
#$- RCP dermatologique du 29/08/2023 : on propose de reprendre un #$traitement par immunothérapie anti PD1 en monothérapie par #$pembrolizumab 200 mg / 3 sem pour les 3 premiers mois puis possible #$si #$bonne tolérance passage à toutes les 6 semaines, en première ligne #$métastatique. Cela, sous réserve de l'avis de la RCP immunotox afin #$de discuter des antécédents de toxicités cutanée et neurologique.
**New content to merge:
#$- RCP TOX le 30/08/2023 : toxicité neurologique non imputable. Pas de #$contre-indication à la reprise de l'immunothérapie.
MERGE DETECTED - Concatenating with previous chunk
**Previous chunk content:
#$- RCP dermatologique du 29/08/2023 : on propose de reprendre un #$traitement par immunothérapie anti PD1 en monothérapie par #$pembrolizumab 200 mg / 3 sem pour les 3 premiers mois puis possible #$si #$bonne tolérance passage à toutes les 6 semaines, en première ligne #$métastatique. Cela, sous réserve de l'avis de la RCP immunotox afin #$de discuter des antécédents de toxicités cutanée et neurologique.#$- RCP TOX le 30/08/2023 : toxicité neurologique non imputable. Pas de #$contre-indication à la reprise de l'immunothérapie.
**New content to merge:
#$* Première ligne métastatique par PEMBROLIZUMAB réalisée au CHAM #$Montargis C1J1 le 26/09/2023 jusqu'au 14/05/2024(la cure du #$12/03/2024 #$n'a pas été réalisée devant la majoration de la toxicité buccale) :#$arrêt pour progression tumorale unique de l'adénopathie lomboaortique #$droite précave et devant la majoration de la toxicité buccale.
Added new chunk with section_id: 16
Added new chunk with section_id: 17
Chunk 3:
uloureuses, qui sont devenues très difficiles à gérer #$et qu'ils l'ont empêché de s'alimenter normalement. Validation avec le#$Dr ROUTIER de la suspension des séances d'immunothérapie devant cette #$toxicité de grade III et la progression de sa maladie sous #$immunothérapie. Il a été mis sous doxycycline 100 mg 2 comp./jour #$avec rajout le 27/05/2024 de la Cortancyl à 0,5 mg/kg (poids=93 kg) #$soit 45 mg par jour en diminution progressive qui n'ont pas permis à #$une nette amélioration de la symptomatologie. #$- CR HDJ du 17/10/2024 à l'hôpital Henri Mondor : évaluation initiale #$sur site de la pemphigoîde cicatricielle immuno-induite. Activité de #$la maladie avec érosions #$importantes des collets dentaires et présence de bulles. Reprise du #$traitement par disulone 25 mg 1 fois par jour et BDB de corticoîdes. #$Un traitement par Rituximab (schéma S0-S2-M6) pourra être proposé en #$fonction de la réponse thérapeutique. Par ailleurs, arrêt de #$Gliptine. Information envoyée au diabétologue pour l'arrêt et #$adaptation thérapeutique. Mise à jour vaccinale à faire donc #$pneumocoque. Prescription du test de Synacthène pour arrêt de #$l'hydrocortisone. Après discussion avec Pr. ORO, décision de lui #$rajouter de la doxycycline 100 mg par jour et si pas d'amélioration #$dans 2 mois, indication au Rituximab vu l'absence de #$contre-indication. Patient contacté le 28/10/2024 : début #$d'amélioration de la muqueuse buccale sous BDB, Disulone 25 mg par #$jour et l'arrêt de Gliptine. #$- Téléconsultation avec son diabétologue fin octobre 2024 : arrêt du #$Galvus et poursuite du même traitement déjà prescrit. Pas de rajout #$de médicament (compte-rendu indisponible ce jour).#$#$$1G* Deuxième ligne métastatique par thérapie ciblée par encorafénib et #$binimétinib, C1J1 le 11/06/2024.#$$0G #$Bilan BASELINE par :#$*ETT le 10/06/2024 (Dr ZAHNAN) : FEVG à 56 %. #$Pour rappel, il a des antécédents d'ACFA début mai 2018 (actuellement #$en rythme #$Sinusal) pour laquelle il a été mis sous Eliquis et sotalol. Arrêt de #$l'Eliquis après un mois de traitement et poursuite du sotalol. #$Dr ZAHNAN a suspendu le sotalol et l'a remplacé par bisoprolol devant #$le risque majoré d'une prolongation de l'onde QT. #$*Consultation de contrôle en ophtalmologie le 12/06/2024 : sans #$particularité.#$- Résultat FMI liquide : TP53 - p.(Leu137Gln) - FA 0.11 % : profil #$moléculaire non contributif en l'absence de la mutation BRAF V600 #$connue. Pas d'orientation thérapeutique spécifique.#$#$- Scanner TAP le 12/08/2024 : ganglion de 80 mm de grand axe, #$localisée entre la veine cave inférieure et le tronc porte.#$- Scanner cérébral d'août 2024 : normal.#$- Relecture du scanner du 12/08/2024 avec le TEP scanner du #$04/04/2024 #$: majoration de la lésion ganglionnaire rétropéritonéale, qui mesure #$ce jour 62 mm de plus grand axe, image 365, série deux), contre 48 mm #$précédemment (série huit, image 564).#$Progression sur les critères de RECIST 1.1 : +29 %#$- RCP dermatologique du 22/08/2024 : dossier à adresser à nos #$collègues radiothérapeutes pour évaluer une éventuelle radiothérapie #$au niveau du ganglion rétropéritonéale.#$- Concernant sa toxicité buccale et devant la persistance de #$l'apparition de nouvelle bulle en août 2024 et l'obligation de #$diminuer la dose de la corticothérapie systémique, #$nous avons sollicité l'aide de nos collègues à l'hôpital Henri Mondor #$afin de programmer une consultation spécialisée (HDJ bulle), le #$Docteur GOTTLIEB ne consultant plus en \'cele-de-France.#$- Bilan biologique du 13/09/2024 : bilirubine totale normale, GGT 88 #$(légèrement élevée, 1.4xN, limite supérieure normale à 61, grade 0), #$AP normale, ASAT 77 (légèrement élevée, 1,9xN, grade 0), ALAT 167 #$(élevée, 4xN, grade II).#$Devant cette cytolyse hépatique isolée légère, la posologie a été #$baissée avec l'encorafénib à 300 mg/jour au lieu de 450 mg.#$- Echographie abdomino-pelvienne le 17/09/2024 : stéatose hépatique #$hétérogène, sans lésion nodulair
----------------------------------------
Model response for chunk 3: 4825 characters
MERGE DETECTED - Concatenating with previous chunk
**Previous chunk content:
#$$1GTOLERANCE DE L'IMMUNOTHERAPIE EN PHASE METASTATIQUE :#$$0G - Récidive depuis janvier 2024 soit après 3 mois du début du #$traitement par immunothérapie des lésions de pemphigoîde bulleuse #$cicatricielle de la muqueuse buccale qui étaient très douloureuses. #$Son oncologue à Montargis lui a prescrit depuis le 30/01/2024 du #$Solupred oro en bain de bouche sans nette amélioration #$notée. Nette majoration de sa pemphigoîde bulleuse cicatricielle #$buccale depuis le 27/05/2024 avec apparition de multiples lésions #$endobuccales do
**New content to merge:
uloureuses, qui sont devenues très difficiles à gérer #$et qu'ils l'ont empêché de s'alimenter normalement. Validation avec le#$Dr ROUTIER de la suspension des séances d'immunothérapie devant cette #$toxicité de grade III et la progression de sa maladie sous #$immunothérapie. Il a été mis sous doxycycline 100 mg 2 comp./jour #$avec rajout le 27/05/2024 de la Cortancyl à 0,5 mg/kg (poids=93 kg) #$soit 45 mg par jour en diminution progressive qui n'ont pas permis à #$une nette amélioration de la symptomatologie. #$- CR HDJ du 17/10/2024 à l'hôpital Henri Mondor : évaluation initiale #$sur site de la pemphigoîde cicatricielle immuno-induite. Activité de #$la maladie avec érosions #$importantes des collets dentaires et présence de bulles. Reprise du #$traitement par disulone 25 mg 1 fois par jour et BDB de corticoîdes. #$Un traitement par Rituximab (schéma S0-S2-M6) pourra être proposé en #$fonction de la réponse thérapeutique. Par ailleurs, arrêt de #$Gliptine. Information envoyée au diabétologue pour l'arrêt et #$adaptation thérapeutique. Mise à jour vaccinale à faire donc #$pneumocoque. Prescription du test de Synacthène pour arrêt de #$l'hydrocortisone. Après discussion avec Pr. ORO, décision de lui #$rajouter de la doxycycline 100 mg par jour et si pas d'amélioration #$dans 2 mois, indication au Rituximab vu l'absence de #$contre-indication. Patient contacté le 28/10/2024 : début #$d'amélioration de la muqueuse buccale sous BDB, Disulone 25 mg par #$jour et l'arrêt de Gliptine. #$- Téléconsultation avec son diabétologue fin octobre 2024 : arrêt du #$Galvus et poursuite du même traitement déjà prescrit. Pas de rajout #$de médicament (compte-rendu indisponible ce jour).
Added new chunk with section_id: 13
Added new chunk with section_id: 14
Added new chunk with section_id: 15
Added new chunk with section_id: 16
Added new chunk with section_id: 17
Added new chunk with section_id: 18
MERGE DETECTED - Concatenating with previous chunk
**Previous chunk content:
#$- Bilan biologique du 13/09/2024 : bilirubine totale normale, GGT 88 #$(légèrement élevée, 1.4xN, limite supérieure normale à 61, grade 0), #$AP normale, ASAT 77 (légèrement élevée, 1,9xN, grade 0), ALAT 167 #$(élevée, 4xN, grade II).#$Devant cette cytolyse hépatique isolée légère, la posologie a été #$baissée avec l'encorafénib à 300 mg/jour au lieu de 450 mg.
**New content to merge:
#$- Echographie abdomino-pelvienne le 17/09/2024 : stéatose hépatique #$hétérogène, sans lésion nodulaire
Chunk 4:
e identifiable ce jour. Absence de #$dilatation des voies biliaires intrahépatiques. Absence de lithiase #$intravésiculaire et intrarénale. Masse en regard de la tête du #$pancréas de 72 mm de grand axe.#$- Bilan biologique le 16/09/2024 : ASAT 114 (élevé, grade I, 2.78xN), #$ALAT 219 (élevé, grade III, 5.34xN), GGT 106 (légèrement élevé, grade #$0), bilirubine totale normale, LDH 322 (élevé, lié à la maladie), CPK #$normaux, sérologies virales #$comprenant hépatite A, hépatite B, hépatite C, VIH et bilan #$auto-immun comprenant ANA, anticorps anti ADN natif, anticorps anti #$antigènes nucléaires solubles, anticorps anti réticulum #$endoplasmique, anticorps antimitochondries, anticorps anti SLA, #$anticorps antimuscle lisse sont négatifs. PCR hépatite E est négative.#$- Suspension de la thérapie ciblée (validation avec Dr ROUTIER) du #$18/09/2024 au 03/10/2024.#$- Bilan biologique le 24/09/2024 : ASAT 54 (légèrement élevée, grade #$0 vs 114 le 16/09/2024), ALAT 122 (élevée, 2.97xN, grade 0/I, vs 219 #$le 16/09/2024), AP normale, GGT 122 (légèrement élevé, sans #$particularité), bilirubine totale normale.#$- Bilan biologique du 02/10/2024 : bilirubine totale normale, GGT 90 #$(très légèrement élevé, NCS, grade 0), AP normale, ASAT normal, ALAT #$64 (quasi normalisé, grade 0, limite supérieure normale à 41).#$- Validation de la reprise du traitement par thérapie ciblée à un #$palier -1 (03/10/2024). #$- Bilan biologique du 09/10/2024 : ASAT 49 (très légèrement élevée, #$grade 0), ALAT 117 (grade 0), AP normale, GGT sans particularité, #$bilirubine totale normale.#$- ETT le 08/10/2024 : VG peu hypertrophié, non dilaté, FEVG 57 %.#$- Consultation de diabétologie le 07/10/2024 : dégradation brutale de #$l'équilibre glycémique, sans cétose, dans un contexte de récidive #$néoplasique avec apparition d'une adénopathie lomboaortique du #$mélanome. Introduction d'une insulinothérapie basale, poursuite du #$FORXIGA qui sera arrêté en cas d'apparition d'une insuffisance rénale #$aigu\'eb, introduction du Galvus, prescription d'un freestyle libre 2.#$- Bilan biologique du 15/10/2024 : ASAT normal, ALAT 83 (diminuée #$depuis le 09/10/2024 vs 117), AP normale, GGT sans particularité, #$bilirubine totale normale.#$CRP 95 (le patient a eu une intoxication alimentaire le lundi #$14/10/2024 qui s'est manifestée avec de la fièvre et 2 épisodes de #$vomissements qui ont duré une journée). Résolution spontanée de #$l'ensemble des symptômes. Pas d'indication à modifier la posologie de #$la thérapie ciblée.#$#$*Radiothérapie de l'adénopathie porto-cave à la dose de 30 Gy en 5 #$fractions de 6 Gy a été réalisée du 14/10/2024 au 18/10/2024. A noter #$que la lésion est au contact avec le duodénum sur plusieurs #$centimètres et est très proche du côlon, ce qui a baissé la dose et #$découvert partiellement le volume cible.#$- RCP immuno-TOX le 24/10/2024 : validation de la mise en place d'un #$traitement par RITUXIMAB devant la présence de la thérapie ciblée par #$anti-BRAF/anti-MEK.#$- TEP scanner du 12/11/2024 : comparativement à l'examen du #$04/04/2024 : bonne réponse #$métabolique partielle de l'adénopathie nécrotique, pré-cave en #$arrière de la tête du pancréas suspecte se majorant en taille, #$vraisemblablement en raison de sa composante nécrotique. Pas #$d'apparition d'autre foyer hypermétabolique suspect.#$*Relecture comparative à GR : très bonne régression métabolique de #$l'hyperactivité ganglionnaire précave, située derrière la tête du #$pancréas, en contact direct avec le duodénum. On note en place une #$masse tissulaire nécrotique avec une hyperactivité résiduelle #$périphérique mesurant 56 mm de grand diamètre avec un SUVmax = 4,39 #$contre 28,7 auparavant. Absence d'anomalie significative sur le reste #$du corps.#$*RCP dermatologique le 28/11/2024 : réponse radiologique à la #$radiothérapie et la thérapie ciblée, poursuite du traitement.#$- IRM cérébrale le 19/11/2024 : pas de lésion suspecte.#$- Echographie cardiaque le 03/01/2025 : VG n
----------------------------------------
Model response for chunk 4: 5459 characters
MERGE DETECTED - Concatenating with previous chunk
**Previous chunk content:
#$- Bilan biologique du 13/09/2024 : bilirubine totale normale, GGT 88 #$(légèrement élevée, 1.4xN, limite supérieure normale à 61, grade 0), #$AP normale, ASAT 77 (légèrement élevée, 1,9xN, grade 0), ALAT 167 #$(élevée, 4xN, grade II).#$Devant cette cytolyse hépatique isolée légère, la posologie a été #$baissée avec l'encorafénib à 300 mg/jour au lieu de 450 mg.#$- Echographie abdomino-pelvienne le 17/09/2024 : stéatose hépatique #$hétérogène, sans lésion nodulaire
**New content to merge:
e identifiable ce jour. Absence de #$dilatation des voies biliaires intrahépatiques. Absence de lithiase #$intravésiculaire et intrarénale. Masse en regard de la tête du #$pancréas de 72 mm de grand axe.
Added new chunk with section_id: 19
Added new chunk with section_id: 20
Added new chunk with section_id: 21
Added new chunk with section_id: 22
Added new chunk with section_id: 23
Added new chunk with section_id: 24
Added new chunk with section_id: 25
Added new chunk with section_id: 26
Added new chunk with section_id: 27
Added new chunk with section_id: 28
MERGE DETECTED - Concatenating with previous chunk
**Previous chunk content:
#$- TEP scanner du 12/11/2024 : comparativement à l'examen du #$04/04/2024 : bonne réponse #$métabolique partielle de l'adénopathie nécrotique, pré-cave en #$arrière de la tête du pancréas suspecte se majorant en taille, #$vraisemblablement en raison de sa composante nécrotique. Pas #$d'apparition d'autre foyer hypermétabolique suspect.
**New content to merge:
#$*Relecture comparative à GR : très bonne régression métabolique de #$l'hyperactivité ganglionnaire précave, située derrière la tête du #$pancréas, en contact direct avec le duodénum. On note en place une #$masse tissulaire nécrotique avec une hyperactivité résiduelle #$périphérique mesurant 56 mm de grand diamètre avec un SUVmax = 4,39 #$contre 28,7 auparavant. Absence d'anomalie significative sur le reste #$du corps.
Added new chunk with section_id: 30
Added new chunk with section_id: 31
Added new chunk with section_id: 32
Chunk 5:
on dilaté, non #$hypertrophié de fonction systolique préservée, FEVG à 57 % en SBP. #$- Scanner cervico-TAP le 28/01/2025 : absence de lésion suspecte à #$l'étage thoracique. \'c0 l'étage abdominal, diminution significative #$de la taille de la masse rétropancréatique (60 mm contre 80 mm).#$Présence d'une diverticulite sigmoîdienne (à noter que le scanner #$cérébral n'a pas été réalisé).#$#$$1GEVENEMENTS INTERCURRENTS :#$$0G - Depuis décembre 2024, présence d'une vision floue pour laquelle il #$a consulté un ophtalmologue le 20/11/2025 : fin d'une crise d'uvéite #$antérieure de l'oecil gauche. Synéchies irido-cristalliniennes, #$traitement par Dexocol, atropine collyre, Mydriaticum collyre. Pas de #$contre-indication sur le plan ophtalmologique à la prise du rituximab #$car cause infectieuse non retenue pour cette uvéite qui est déjà à sa #$fin.#$- HDJ à l'hôpital Henri Mondor le 23/01/2025 : érythème gingival #$diffus avec collet fibrineux. Présence d'érosions à la partie #$inférieure générale. C1J1 de Rituximab le 09/01/2025. C1J15 le #$23/01/2025 avec décision de réintroduire la Disulone comme traitement #$de fond à 25 mg/jour avec bains de bouche composé et contrôle #$biologique rapproché. \'c0 revoir dans 3 mois en consultation ou dans #$l'intervalle si besoin.#$- Nette amélioration des lésions de pemphigoîde bulleuse #$cicatricielle au niveau buccale depuis début novembre 2024. Pas #$d'apparition de lésion par ailleurs.#$- Il s'est présenté aux urgences le 25/01/2025 pour des #$épigastralgies intenses qui dataient depuis deux semaines. #$Réalisation d'un scanner abdomino-pelvien qui a montré une #$diverticulite sigmoîdienne. Prescription d'un traitement par #$Augmentin pendant 7 jours avec un traitement antalgique par #$paracétamol et Acupan. Il est rentré à domicile le même jour avec #$début du traitement par antibiothérapie qui n'a pas amélioré la #$symptomatologie malgré une semaine de prise. Il a revu son médecin #$traitant le 30/01/2025 qui lui a prescrit du Météospasmyl et du #$Spasfon qui n'ont pas amélioré également ses symptômes.#$Il est retourné aux urgences le 04/02/2025. Réalisation d'une #$échographie abdominale qui n'a pas montré d'anomalie hormis un foie #$de surcharge, absence de lithiase vésiculaire et absence de #$dilatation des voies biliaires intra ou extrahépatiques. #$Diagnostic d'une probable gastrite ? probablement induite par la #$radiothérapie ?#$Il a eu une prescription de pantoprazole 40 mg 1 cp matin et soir #$pendant 7 jours puis 1 cp/jour qui a complètement amélioré la #$symptomatologie (quasi disparition).#$#$$1GANTECEDENTS :#$$0G Médicaux : #$- Névrite vestibulaire gauche (l'IRM ne retrouvait pas de lésion des #$conduits auditifs internes, ni de l'angle pontocérébelleux gauche) #$- Diabète type 2#$- SAOS#$- AC/FA#$- Diverticules sigmoîdiens et coliques#$- Dysthyroîdie immuno-médiée supplémentée par LEVOTHYROX depuis mai #$2020. Suivie par Dr KOUSSA. #$- Pemphigoîde cicatricielle immuno-médiée atteignant la muqueuse #$buccale et le front.#$Chirurgicaux : aucun.#$#$$1C*****************************************#$$0C Il est vu ce jour pour une nouvelle surveillance sous traitement par #$thérapie ciblée. #$#$$1GDEPUIS LA DERNIERE CONSULTATION DU 07/02/2025 :#$$0G - Aucun signe systémique infectieux ou inflammatoire noté à #$l'interrogatoire ce jour notamment pas de fièvre, pas de frisson, pas #$de symptomatologie urinaire, pas de douleur thoracique récente ou #$essoufflement.#$- Pour rappel, il nous a envoyé des photos cliniques le 6/3/2025 qui #$montrent #$l'apparition d'une éruption érythémateuse, prurigineuse, #$eczématiforme notamment des membres supérieurs et inférieurs, des #$flancs et du tronc sans atteinte du dos ou du visage et sans #$angio-oecdème qui a débuté fin Février 2025. Notion d'une atteinte #$génitale de morphologie non similaire qui a été traitée par son #$médecin traitant (dermatophytie ?). #$\'c0 noter qu'il a arrêté le traitement par Disulone depuis 3 #$semaines après l'a
----------------------------------------
Model response for chunk 5: 5046 characters
MERGE DETECTED - Concatenating with previous chunk
**Previous chunk content:
#$- Echographie cardiaque le 03/01/2025 : VG n
**New content to merge:
on dilaté, non #$hypertrophié de fonction systolique préservée, FEVG à 57 % en SBP. #$- Scanner cervico-TAP le 28/01/2025 : absence de lésion suspecte à #$l'étage thoracique. \'c0 l'étage abdominal, diminution significative #$de la taille de la masse rétropancréatique (60 mm contre 80 mm).#$Présence d'une diverticulite sigmoîdienne (à noter que le scanner #$cérébral n'a pas été réalisé).
Added new chunk with section_id: 32
MERGE DETECTED - Concatenating with previous chunk
**Previous chunk content:
#$$1GEVENEMENTS INTERCURRENTS :#$$0G - Depuis décembre 2024, présence d'une vision floue pour laquelle il #$a consulté un ophtalmologue le 20/11/2025 : fin d'une crise d'uvéite #$antérieure de l'oecil gauche. Synéchies irido-cristalliniennes, #$traitement par Dexocol, atropine collyre, Mydriaticum collyre. Pas de #$contre-indication sur le plan ophtalmologique à la prise du rituximab #$car cause infectieuse non retenue pour cette uvéite qui est déjà à sa #$fin.
**New content to merge:
#$- HDJ à l'hôpital Henri Mondor le 23/01/2025 : érythème gingival #$diffus avec collet fibrineux. Présence d'érosions à la partie #$inférieure générale. C1J1 de Rituximab le 09/01/2025. C1J15 le #$23/01/2025 avec décision de réintroduire la Disulone comme traitement #$de fond à 25 mg/jour avec bains de bouche composé et contrôle #$biologique rapproché. \'c0 revoir dans 3 mois en consultation ou dans #$l'intervalle si besoin.
MERGE DETECTED - Concatenating with previous chunk
**Previous chunk content:
#$$1GEVENEMENTS INTERCURRENTS :#$$0G - Depuis décembre 2024, présence d'une vision floue pour laquelle il #$a consulté un ophtalmologue le 20/11/2025 : fin d'une crise d'uvéite #$antérieure de l'oecil gauche. Synéchies irido-cristalliniennes, #$traitement par Dexocol, atropine collyre, Mydriaticum collyre. Pas de #$contre-indication sur le plan ophtalmologique à la prise du rituximab #$car cause infectieuse non retenue pour cette uvéite qui est déjà à sa #$fin.#$- HDJ à l'hôpital Henri Mondor le 23/01/2025 : érythème gingival #$diffus avec collet fibrineux. Présence d'érosions à la partie #$inférieure générale. C1J1 de Rituximab le 09/01/2025. C1J15 le #$23/01/2025 avec décision de réintroduire la Disulone comme traitement #$de fond à 25 mg/jour avec bains de bouche composé et contrôle #$biologique rapproché. \'c0 revoir dans 3 mois en consultation ou dans #$l'intervalle si besoin.
**New content to merge:
#$- Nette amélioration des lésions de pemphigoîde bulleuse #$cicatricielle au niveau buccale depuis début novembre 2024. Pas #$d'apparition de lésion par ailleurs.
MERGE DETECTED - Concatenating with previous chunk
**Previous chunk content:
#$$1GEVENEMENTS INTERCURRENTS :#$$0G - Depuis décembre 2024, présence d'une vision floue pour laquelle il #$a consulté un ophtalmologue le 20/11/2025 : fin d'une crise d'uvéite #$antérieure de l'oecil gauche. Synéchies irido-cristalliniennes, #$traitement par Dexocol, atropine collyre, Mydriaticum collyre. Pas de #$contre-indication sur le plan ophtalmologique à la prise du rituximab #$car cause infectieuse non retenue pour cette uvéite qui est déjà à sa #$fin.#$- HDJ à l'hôpital Henri Mondor le 23/01/2025 : érythème gingival #$diffus avec collet fibrineux. Présence d'érosions à la partie #$inférieure générale. C1J1 de Rituximab le 09/01/2025. C1J15 le #$23/01/2025 avec décision de réintroduire la Disulone comme traitement #$de fond à 25 mg/jour avec bains de bouche composé et contrôle #$biologique rapproché. \'c0 revoir dans 3 mois en consultation ou dans #$l'intervalle si besoin.#$- Nette amélioration des lésions de pemphigoîde bulleuse #$cicatricielle au niveau buccale depuis début novembre 2024. Pas #$d'apparition de lésion par ailleurs.
**New content to merge:
#$- Il s'est présenté aux urgences le 25/01/2025 pour des #$épigastralgies intenses qui dataient depuis deux semaines. #$Réalisation d'un scanner abdomino-pelvien qui a montré une #$diverticulite sigmoîdienne. Prescription d'un traitement par #$Augmentin pendant 7 jours avec un traitement antalgique par #$paracétamol et Acupan. Il est rentré à domicile le même jour avec #$début du traitement par antibiothérapie qui n'a pas amélioré la #$symptomatologie malgré une semaine de prise. Il a revu son médecin #$traitant le 30/01/2025 qui lui a prescrit du Météospasmyl et du #$Spasfon qui n'ont pas amélioré également ses symptômes.
MERGE DETECTED - Concatenating with previous chunk
**Previous chunk content:
#$$1GEVENEMENTS INTERCURRENTS :#$$0G - Depuis décembre 2024, présence d'une vision floue pour laquelle il #$a consulté un ophtalmologue le 20/11/2025 : fin d'une crise d'uvéite #$antérieure de l'oecil gauche. Synéchies irido-cristalliniennes, #$traitement par Dexocol, atropine collyre, Mydriaticum collyre. Pas de #$contre-indication sur le plan ophtalmologique à la prise du rituximab #$car cause infectieuse non retenue pour cette uvéite qui est déjà à sa #$fin.#$- HDJ à l'hôpital Henri Mondor le 23/01/2025 : érythème gingival #$diffus avec collet fibrineux. Présence d'érosions à la partie #$inférieure générale. C1J1 de Rituximab le 09/01/2025. C1J15 le #$23/01/2025 avec décision de réintroduire la Disulone comme traitement #$de fond à 25 mg/jour avec bains de bouche composé et contrôle #$biologique rapproché. \'c0 revoir dans 3 mois en consultation ou dans #$l'intervalle si besoin.#$- Nette amélioration des lésions de pemphigoîde bulleuse #$cicatricielle au niveau buccale depuis début novembre 2024. Pas #$d'apparition de lésion par ailleurs.#$- Il s'est présenté aux urgences le 25/01/2025 pour des #$épigastralgies intenses qui dataient depuis deux semaines. #$Réalisation d'un scanner abdomino-pelvien qui a montré une #$diverticulite sigmoîdienne. Prescription d'un traitement par #$Augmentin pendant 7 jours avec un traitement antalgique par #$paracétamol et Acupan. Il est rentré à domicile le même jour avec #$début du traitement par antibiothérapie qui n'a pas amélioré la #$symptomatologie malgré une semaine de prise. Il a revu son médecin #$traitant le 30/01/2025 qui lui a prescrit du Météospasmyl et du #$Spasfon qui n'ont pas amélioré également ses symptômes.
**New content to merge:
#$Il est retourné aux urgences le 04/02/2025. Réalisation d'une #$échographie abdominale qui n'a pas montré d'anomalie hormis un foie #$de surcharge, absence de lithiase vésiculaire et absence de #$dilatation des voies biliaires intra ou extrahépatiques. #$Diagnostic d'une probable gastrite ? probablement induite par la #$radiothérapie ?#$Il a eu une prescription de pantoprazole 40 mg 1 cp matin et soir #$pendant 7 jours puis 1 cp/jour qui a complètement amélioré la #$symptomatologie (quasi disparition).
Added new chunk with section_id: 37
MERGE DETECTED - Concatenating with previous chunk
**Previous chunk content:
#$$1GANTECEDENTS :#$$0G Médicaux : #$- Névrite vestibulaire gauche (l'IRM ne retrouvait pas de lésion des #$conduits auditifs internes, ni de l'angle pontocérébelleux gauche) #$- Diabète type 2#$- SAOS#$- AC/FA#$- Diverticules sigmoîdiens et coliques#$- Dysthyroîdie immuno-médiée supplémentée par LEVOTHYROX depuis mai #$2020. Suivie par Dr KOUSSA. #$- Pemphigoîde cicatricielle immuno-médiée atteignant la muqueuse #$buccale et le front.
**New content to merge:
Chirurgicaux : aucun.
Added new chunk with section_id: 39
MERGE DETECTED - Concatenating with previous chunk
**Previous chunk content:
#$$1C*****************************************#$$0C Il est vu ce jour pour une nouvelle surveillance sous traitement par #$thérapie ciblée.
**New content to merge:
#$$1GDEPUIS LA DERNIERE CONSULTATION DU 07/02/2025 :#$$0G - Aucun signe systémique infectieux ou inflammatoire noté à #$l'interrogatoire ce jour notamment pas de fièvre, pas de frisson, pas #$de symptomatologie urinaire, pas de douleur thoracique récente ou #$essoufflement.
MERGE DETECTED - Concatenating with previous chunk
**Previous chunk content:
#$$1C*****************************************#$$0C Il est vu ce jour pour une nouvelle surveillance sous traitement par #$thérapie ciblée.#$$1GDEPUIS LA DERNIERE CONSULTATION DU 07/02/2025 :#$$0G - Aucun signe systémique infectieux ou inflammatoire noté à #$l'interrogatoire ce jour notamment pas de fièvre, pas de frisson, pas #$de symptomatologie urinaire, pas de douleur thoracique récente ou #$essoufflement.
**New content to merge:
#$- Pour rappel, il nous a envoyé des photos cliniques le 6/3/2025 qui #$montrent #$l'apparition d'une éruption érythémateuse, prurigineuse, #$eczématiforme notamment des membres supérieurs et inférieurs, des #$flancs et du tronc sans atteinte du dos ou du visage et sans #$angio-oecdème qui a débuté fin Février 2025. Notion d'une atteinte #$génitale de morphologie non similaire qui a été traitée par son #$médecin traitant (dermatophytie ?). #$\'c0 noter qu'il a arrêté le traitement par Disulone depuis 3 #$semaines après l'a
Chunk 6:
ccord de son médecin référent à l'hôpital Henri #$Mondor devant l'apparition d'une fatigue majeure et #$d'essoufflement qui se sont complètement résolus après l'arrêt du #$traitement.#$Nous lui avons prescrit un traitement par Dermoval crème puis relais #$par Diprosone crème en diminution progressive ainsi que des #$émollients.#$Disparition complète de l'ensemble des lésions sous traitement #$topique.#$-RDV de contrôle en gastro-entérologie le 24/03/2025 afin de réaliser #$une gastroscopie + coloscopie. Les 2 interventions sont prévues le #$21/5/2025.#$-Consultation de contrôle en ophtalmologie le 8/4/2025 : CPC #$inflammatoire oculaire avec uvéite antérieure bilatérale minime à #$modérée compliquée d'un oecdème maculaire gauche lié au traitement #$par anti-MEK. Prescription d'un traitement par Dexafree, Sterdex #$pommade et Azopt. Rendez-vous de contrôle en ophtalmologie est prévu #$dans 10 jours.#$-Rendez-vous de contrôle en cardiologie le 9/4/2025 : FEVG 65 %, pas #$de valvulopathie mitroaortique significative. Péricarde sec.#$#$$1GTRAITEMENT ACTUEL :#$$0G * FORXIGA 10 mg/jour.#$* LEVOTHYROX 175 µg/jour. #$* BISOPROLOL 5 mg 1 cp par jour.#$* Toujeo (insulinothérapie basale) 16-18 UI.#$* GALVUS (VIDAGLIPTINE) arrêt le 17/10/2024.#$* ENCORAFENIB.#$* BINIMETINIB.#$* Disulone 25 mg (arrêt début février 2025).#$* Rituximab C1J1 le 09/01/2025.#$* Doxycycline 100 mg 1 cp par jour.#$* BDB à base de cortisone.#$#$$1GEXAMEN COMPLEMENTAIRE :#$$0G -Bilan biologique du 09/04/2025 : NFS et plaquettes sans #$particularité, CRP 4.9 normale, créatinine normal, ionogramme complet #$normal, albumine 44 normal, bilan hépatique complet normal, bilirubine #$total, normal, LDH normal, CPK normal. Bilan thyroîdien complet normal.#$-TEP scanner le 01/04/2025 : poursuite de la bonne réponse #$métabolique partielle de la masse ganglionnaire nécrotique pré-cave #$située au-dessus du hile rénal droit en arrière de la tête du #$pancréas et refoulant le segment D2 duodénal et SUVmax 4,2 ce jour #$versus 6,2 le 12/11/2024 versus 22,7 le 4/4/2024 et mesurant #$respectivement 48 mm versus 58 mm versus 50 mm dans le plan #$transverse.#$Hypertrophie prostatique siège d'une discrète hétérogénéité #$métabolique à confronter au reste du bilan urologique.#$Foyer punctiforme de l'aile iliaque droite SUVmax 4,6 sans traduction #$lésionnelle scannographique non spécifique à surveiller.#$$1SConclusion :$0S Comparativement aux examens précédents : poursuite de la #$bonne réponse métabolique partielle de l'adénopathie nécrotique #$pré-cave située en arrière de la tête du pancréas d'intensité #$modérée. Pas de foyer hypermétabolique suspect sur le reste du volume #$exploré.#$\'c0 noter que le patient a une douleur chronique à ce niveau qui #$date depuis plusieurs années et qui survient en intermittence traitée #$par des anti-inflammatoires.#$-IRM cérébrale le 04/04/2025 : normale, absence d'argument pour des #$lésions secondaires.#$-ECG ce jour à GR : RSR, pas de trouble de dépolarisation ou de #$repolarisation. Pas de changement de ST-T. #$#$$1GEXAMEN CLINIQUE :#$$0G PS : 0. Poids : 91 kg. Taille : 1.83 m.#$Cicatrice d'exérèse du mélanome pectoral saine, sans signe de #$récidive visible ou palpable. #$Pas de résurgence pigmentaire.#$Pas de nodule en transit ou en sous-cutané.#$Aire ganglionnaire libre notamment en axillaire.#$Stabilité des lésions buccales de la gencive inférieure et #$supérieure. Prochain rendez-vous à l'hôpital Henri Mondor est prévu #$en avril 2025.#$Pas de lésion lichénoîde buccale ou de stries de Wickham.#$Cryothérapie faite ce jour d'une lésion filiforme, hyperkératosique #$pectorale gauche qui correspond à un acrochordon. Nous lui #$prescrivons de la Cicalfate crème réparatrice Avène qu'il va #$appliquer matin et soir jusqu'à cicatrisation complète.#$Persistance de la lésion érythémateuse pectorale droite qui a été #$biopsiée le 31/01/2022 et qui s'est avérée une hyperplasie lymphoîde #$bénigne.#$Amélioration de la xérose cutanée sous Dexeryl.#$
----------------------------------------
Model response for chunk 6: 5303 characters
MERGE DETECTED - Concatenating with previous chunk
**Previous chunk content:
#$$1C*****************************************#$$0C Il est vu ce jour pour une nouvelle surveillance sous traitement par #$thérapie ciblée.#$$1GDEPUIS LA DERNIERE CONSULTATION DU 07/02/2025 :#$$0G - Aucun signe systémique infectieux ou inflammatoire noté à #$l'interrogatoire ce jour notamment pas de fièvre, pas de frisson, pas #$de symptomatologie urinaire, pas de douleur thoracique récente ou #$essoufflement.#$- Pour rappel, il nous a envoyé des photos cliniques le 6/3/2025 qui #$montrent #$l'apparition d'une éruption érythémateuse, prurigineuse, #$eczématiforme notamment des membres supérieurs et inférieurs, des #$flancs et du tronc sans atteinte du dos ou du visage et sans #$angio-oecdème qui a débuté fin Février 2025. Notion d'une atteinte #$génitale de morphologie non similaire qui a été traitée par son #$médecin traitant (dermatophytie ?). #$\'c0 noter qu'il a arrêté le traitement par Disulone depuis 3 #$semaines après l'a
**New content to merge:
ccord de son médecin référent à l'hôpital Henri #$Mondor devant l'apparition d'une fatigue majeure et #$d'essoufflement qui se sont complètement résolus après l'arrêt du #$traitement.#$Nous lui avons prescrit un traitement par Dermoval crème puis relais #$par Diprosone crème en diminution progressive ainsi que des #$émollients.#$Disparition complète de l'ensemble des lésions sous traitement #$topique.
Added new chunk with section_id: 35
Added new chunk with section_id: 36
Added new chunk with section_id: 37
Added new chunk with section_id: 38
Added new chunk with section_id: 39
MERGE DETECTED - Concatenating with previous chunk
**Previous chunk content:
#$$1GEXAMEN COMPLEMENTAIRE :#$$0G -Bilan biologique du 09/04/2025 : NFS et plaquettes sans #$particularité, CRP 4.9 normale, créatinine normal, ionogramme complet #$normal, albumine 44 normal, bilan hépatique complet normal, bilirubine #$total, normal, LDH normal, CPK normal. Bilan thyroîdien complet normal.
**New content to merge:
#$-TEP scanner le 01/04/2025 : poursuite de la bonne réponse #$métabolique partielle de la masse ganglionnaire nécrotique pré-cave #$située au-dessus du hile rénal droit en arrière de la tête du #$pancréas et refoulant le segment D2 duodénal et SUVmax 4,2 ce jour #$versus 6,2 le 12/11/2024 versus 22,7 le 4/4/2024 et mesurant #$respectivement 48 mm versus 58 mm versus 50 mm dans le plan #$transverse.#$Hypertrophie prostatique siège d'une discrète hétérogénéité #$métabolique à confronter au reste du bilan urologique.#$Foyer punctiforme de l'aile iliaque droite SUVmax 4,6 sans traduction #$lésionnelle scannographique non spécifique à surveiller.
MERGE DETECTED - Concatenating with previous chunk
**Previous chunk content:
#$$1GEXAMEN COMPLEMENTAIRE :#$$0G -Bilan biologique du 09/04/2025 : NFS et plaquettes sans #$particularité, CRP 4.9 normale, créatinine normal, ionogramme complet #$normal, albumine 44 normal, bilan hépatique complet normal, bilirubine #$total, normal, LDH normal, CPK normal. Bilan thyroîdien complet normal.#$-TEP scanner le 01/04/2025 : poursuite de la bonne réponse #$métabolique partielle de la masse ganglionnaire nécrotique pré-cave #$située au-dessus du hile rénal droit en arrière de la tête du #$pancréas et refoulant le segment D2 duodénal et SUVmax 4,2 ce jour #$versus 6,2 le 12/11/2024 versus 22,7 le 4/4/2024 et mesurant #$respectivement 48 mm versus 58 mm versus 50 mm dans le plan #$transverse.#$Hypertrophie prostatique siège d'une discrète hétérogénéité #$métabolique à confronter au reste du bilan urologique.#$Foyer punctiforme de l'aile iliaque droite SUVmax 4,6 sans traduction #$lésionnelle scannographique non spécifique à surveiller.
**New content to merge:
#$$1SConclusion :$0S Comparativement aux examens précédents : poursuite de la #$bonne réponse métabolique partielle de l'adénopathie nécrotique #$pré-cave située en arrière de la tête du pancréas d'intensité #$modérée. Pas de foyer hypermétabolique suspect sur le reste du volume #$exploré.#$\'c0 noter que le patient a une douleur chronique à ce niveau qui #$date depuis plusieurs années et qui survient en intermittence traitée #$par des anti-inflammatoires.
MERGE DETECTED - Concatenating with previous chunk
**Previous chunk content:
#$$1GEXAMEN COMPLEMENTAIRE :#$$0G -Bilan biologique du 09/04/2025 : NFS et plaquettes sans #$particularité, CRP 4.9 normale, créatinine normal, ionogramme complet #$normal, albumine 44 normal, bilan hépatique complet normal, bilirubine #$total, normal, LDH normal, CPK normal. Bilan thyroîdien complet normal.#$-TEP scanner le 01/04/2025 : poursuite de la bonne réponse #$métabolique partielle de la masse ganglionnaire nécrotique pré-cave #$située au-dessus du hile rénal droit en arrière de la tête du #$pancréas et refoulant le segment D2 duodénal et SUVmax 4,2 ce jour #$versus 6,2 le 12/11/2024 versus 22,7 le 4/4/2024 et mesurant #$respectivement 48 mm versus 58 mm versus 50 mm dans le plan #$transverse.#$Hypertrophie prostatique siège d'une discrète hétérogénéité #$métabolique à confronter au reste du bilan urologique.#$Foyer punctiforme de l'aile iliaque droite SUVmax 4,6 sans traduction #$lésionnelle scannographique non spécifique à surveiller.#$$1SConclusion :$0S Comparativement aux examens précédents : poursuite de la #$bonne réponse métabolique partielle de l'adénopathie nécrotique #$pré-cave située en arrière de la tête du pancréas d'intensité #$modérée. Pas de foyer hypermétabolique suspect sur le reste du volume #$exploré.#$\'c0 noter que le patient a une douleur chronique à ce niveau qui #$date depuis plusieurs années et qui survient en intermittence traitée #$par des anti-inflammatoires.
**New content to merge:
#$-IRM cérébrale le 04/04/2025 : normale, absence d'argument pour des #$lésions secondaires.
MERGE DETECTED - Concatenating with previous chunk
**Previous chunk content:
#$$1GEXAMEN COMPLEMENTAIRE :#$$0G -Bilan biologique du 09/04/2025 : NFS et plaquettes sans #$particularité, CRP 4.9 normale, créatinine normal, ionogramme complet #$normal, albumine 44 normal, bilan hépatique complet normal, bilirubine #$total, normal, LDH normal, CPK normal. Bilan thyroîdien complet normal.#$-TEP scanner le 01/04/2025 : poursuite de la bonne réponse #$métabolique partielle de la masse ganglionnaire nécrotique pré-cave #$située au-dessus du hile rénal droit en arrière de la tête du #$pancréas et refoulant le segment D2 duodénal et SUVmax 4,2 ce jour #$versus 6,2 le 12/11/2024 versus 22,7 le 4/4/2024 et mesurant #$respectivement 48 mm versus 58 mm versus 50 mm dans le plan #$transverse.#$Hypertrophie prostatique siège d'une discrète hétérogénéité #$métabolique à confronter au reste du bilan urologique.#$Foyer punctiforme de l'aile iliaque droite SUVmax 4,6 sans traduction #$lésionnelle scannographique non spécifique à surveiller.#$$1SConclusion :$0S Comparativement aux examens précédents : poursuite de la #$bonne réponse métabolique partielle de l'adénopathie nécrotique #$pré-cave située en arrière de la tête du pancréas d'intensité #$modérée. Pas de foyer hypermétabolique suspect sur le reste du volume #$exploré.#$\'c0 noter que le patient a une douleur chronique à ce niveau qui #$date depuis plusieurs années et qui survient en intermittence traitée #$par des anti-inflammatoires.#$-IRM cérébrale le 04/04/2025 : normale, absence d'argument pour des #$lésions secondaires.
**New content to merge:
#$-ECG ce jour à GR : RSR, pas de trouble de dépolarisation ou de #$repolarisation. Pas de changement de ST-T.
Added new chunk with section_id: 44
MERGE DETECTED - Concatenating with previous chunk
**Previous chunk content:
#$$1GEXAMEN CLINIQUE :#$$0G PS : 0. Poids : 91 kg. Taille : 1.83 m.#$Cicatrice d'exérèse du mélanome pectoral saine, sans signe de #$récidive visible ou palpable. #$Pas de résurgence pigmentaire.#$Pas de nodule en transit ou en sous-cutané.#$Aire ganglionnaire libre notamment en axillaire.#$Stabilité des lésions buccales de la gencive inférieure et #$supérieure. Prochain rendez-vous à l'hôpital Henri Mondor est prévu #$en avril 2025.
**New content to merge:
#$Pas de lésion lichénoîde buccale ou de stries de Wickham.#$Cryothérapie faite ce jour d'une lésion filiforme, hyperkératosique #$pectorale gauche qui correspond à un acrochordon. Nous lui #$prescrivons de la Cicalfate crème réparatrice Avène qu'il va #$appliquer matin et soir jusqu'à cicatrisation complète.
MERGE DETECTED - Concatenating with previous chunk
**Previous chunk content:
#$$1GEXAMEN CLINIQUE :#$$0G PS : 0. Poids : 91 kg. Taille : 1.83 m.#$Cicatrice d'exérèse du mélanome pectoral saine, sans signe de #$récidive visible ou palpable. #$Pas de résurgence pigmentaire.#$Pas de nodule en transit ou en sous-cutané.#$Aire ganglionnaire libre notamment en axillaire.#$Stabilité des lésions buccales de la gencive inférieure et #$supérieure. Prochain rendez-vous à l'hôpital Henri Mondor est prévu #$en avril 2025.#$Pas de lésion lichénoîde buccale ou de stries de Wickham.#$Cryothérapie faite ce jour d'une lésion filiforme, hyperkératosique #$pectorale gauche qui correspond à un acrochordon. Nous lui #$prescrivons de la Cicalfate crème réparatrice Avène qu'il va #$appliquer matin et soir jusqu'à cicatrisation complète.
**New content to merge:
#$Persistance de la lésion érythémateuse pectorale droite qui a été #$biopsiée le 31/01/2022 et qui s'est avérée une hyperplasie lymphoîde #$bénigne.
MERGE DETECTED - Concatenating with previous chunk
**Previous chunk content:
#$$1GEXAMEN CLINIQUE :#$$0G PS : 0. Poids : 91 kg. Taille : 1.83 m.#$Cicatrice d'exérèse du mélanome pectoral saine, sans signe de #$récidive visible ou palpable. #$Pas de résurgence pigmentaire.#$Pas de nodule en transit ou en sous-cutané.#$Aire ganglionnaire libre notamment en axillaire.#$Stabilité des lésions buccales de la gencive inférieure et #$supérieure. Prochain rendez-vous à l'hôpital Henri Mondor est prévu #$en avril 2025.#$Pas de lésion lichénoîde buccale ou de stries de Wickham.#$Cryothérapie faite ce jour d'une lésion filiforme, hyperkératosique #$pectorale gauche qui correspond à un acrochordon. Nous lui #$prescrivons de la Cicalfate crème réparatrice Avène qu'il va #$appliquer matin et soir jusqu'à cicatrisation complète.#$Persistance de la lésion érythémateuse pectorale droite qui a été #$biopsiée le 31/01/2022 et qui s'est avérée une hyperplasie lymphoîde #$bénigne.
**New content to merge:
#$Amélioration de la xérose cutanée sous Dexeryl.
Chunk 7:
Pas de lésion suspecte sur l'ensemble du tégument.#$Pas de naevus suspect.#$Muqueuse buccale et génitale normale.#$Examen dermoscopique réalisé ce jour.#$#$$1GEN PRATIQUE :#$$0G Patient suivi pour un mélanome pectoral initialement de stade IIIA, #$muté BRAF V600E, traité par immunothérapie adjuvante entre le #$02/11/2019 et 07/10/2020 compliquée d'une Pemphigoîde cicatricielle #$de la muqueuse buccale de grade III. Récidive du mélanome avec un #$nodule pulmonaire unique en juillet 2023 traité en 1èreligne #$métastatique par PEMBROLIZUMAB du 26/09/2023 au #$14/05/2024 (arrêt sur progression tumorale ainsi qu'une majoration de #$la toxicité buccale depuis janvier 2024).#$Actuellement sous traitement par encorafénib/binimétinib en 2ème #$ligne métastatique, C1J1 le 11/06/2024.#$Radiothérapie de l'adénopathie porto-cave réalisée du 14/10/2024 au #$18/10/2024.#$#$Bilan biologique satisfaisant ce jour. #$Bonne tolérance de la thérapie ciblée en dehors d'une asthénie #$importante reliée au traitement qui se manifeste plutôt par une #$difficulté à la marche qui date depuis plusieurs mois. Le patient #$souhaite faire une petite pause thérapeutique de la thérapie ciblée. #$Nous validons donc l'arrêt du traitement pendant 10 jours puis #$reprise après les 10 jours de pause.#$#$TEP scanner après 10 mois de traitement sous thérapie ciblée et après #$la radiothérapie stéréota#$#$#$$(Le médecin autorise l'établissement des prescriptions médicales de transports sanitaires du patient, adaptées à sa situation médicale.$)

----------------------------------------
Model response for chunk 7: 1923 characters
MERGE DETECTED - Concatenating with previous chunk
**Previous chunk content:
#$$1GEXAMEN CLINIQUE :#$$0G PS : 0. Poids : 91 kg. Taille : 1.83 m.#$Cicatrice d'exérèse du mélanome pectoral saine, sans signe de #$récidive visible ou palpable. #$Pas de résurgence pigmentaire.#$Pas de nodule en transit ou en sous-cutané.#$Aire ganglionnaire libre notamment en axillaire.#$Stabilité des lésions buccales de la gencive inférieure et #$supérieure. Prochain rendez-vous à l'hôpital Henri Mondor est prévu #$en avril 2025.#$Pas de lésion lichénoîde buccale ou de stries de Wickham.#$Cryothérapie faite ce jour d'une lésion filiforme, hyperkératosique #$pectorale gauche qui correspond à un acrochordon. Nous lui #$prescrivons de la Cicalfate crème réparatrice Avène qu'il va #$appliquer matin et soir jusqu'à cicatrisation complète.#$Persistance de la lésion érythémateuse pectorale droite qui a été #$biopsiée le 31/01/2022 et qui s'est avérée une hyperplasie lymphoîde #$bénigne.#$Amélioration de la xérose cutanée sous Dexeryl.
**New content to merge:
Pas de lésion suspecte sur l'ensemble du tégument.#$Pas de naevus suspect.#$Muqueuse buccale et génitale normale.#$Examen dermoscopique réalisé ce jour.
Added new chunk with section_id: 41
Added new chunk with section_id: 42
Added new chunk with section_id: 43
  💾 Saved result to: 10691_2019_20250ano.result.output.txt
  💾 Saved parsed_document to: 10691_2019_20250ano.parsed_document.output.txt
    ✅ Success: 42 elements
    💾 Generated 3 output files:
       📋 10691_2019_20250ano.result.output.txt
       📝 10691_2019_20250ano.plain_text.output.txt
       🧩 10691_2019_20250ano.parsed_document.output.txt

  📄 Processing: 10693_20250_2025_ano.txt (0.0 MB)
Chunk 1:
$1GSERVICE HOSPITALISATION MORBIHAN - RESUME DE SORTIE #$#$Dicté par :  $0G Docteur ,Interne$1G#$Dicté le : $0G 10/04/2025 $1G#$Service : $0G MOR-MORBIHAN #$$1GType de document : $0G MOR RH SORTIE #$$1GRef :$0G 3132889 #$_____________________________________________________________#$#$$1GPatient : $0G XXXXXXXX$1G#$Identifiant :$0G 202XXXX $1G#$Date de naissance :$0G 03/04/1964 #$$1GSexe: $0G Masculin  #$_____________________________________________________________#$#$$1G#$Finalisation du document : $0G /04/2025 16:37$1G#$Secrétaire : $0G Marine Ur$1G#$_______________________________________________________#$$1S#$Docteur GI - Interne ORL$0S$0G #$#$$1S$1GMédecin référent$0S :$0G Docteur GORPHE#$#$$1S$1GMotif d'hospitalisation$0S : $0G #$Patient âgé de 61 ans, hospitalisé dans le service Morbihan du 18/03 #$au 11/04/25 pour prise en charge post-opératoire.#$#$$1S$1GAntécédents médico-chirurgicaux$0S :$0G #$$1G* Médicaux #$$0G - HTA.#$#$$1G* Chirurgicaux$0G #$- Implants dentaires sous AL 2023.#$ - Pan endoscopie le 21/02/2025.#$#$$1S$1GLocalisations antérieures$0S :$0G #$- 0.#$#$$1S$1GHistoire de la maladie$0S :$0G #$$1GLésion actuelle : #$$0G lésion ulcérée et bourgeonnante centrée sur le tiers moyen de la #$face ventrale de la #$langue mobile droite. La zone ulcérée remonte jusqu'au niveau de la #$jonction entre la face dorsale et la face ventrale de la langue #$mobile droite. En bas elle dépasse légèrement le sillon pelvilingual. #$Elle mesure 4 cm dans son axe antéropostérieur et 2 cm dans son axe #$vertical. #$En profondeur l'infiltration mesure 5 mm et reste à une distance de #$plus de 1 cm par rapport à la ligne médiane au niveau de la langue #$mobile. En arrière, elle vient affleurer la zone de jonction sans #$extension au niveau de la base de langue. #$#$$1GAdénopathies : #$$0G Adénopathies radiologiques et métaboliques homolatérales.#$#$$1GBilan complémentaire :$0G #$$1STDM cervico-ORL et IRM$0S :La lésion décrite cliniquement correspond en #$imagerie à une masse aux contours irréguliers, intéressant le tiers #$latéral du bord latéral droit de la langue, sans extension au niveau #$du tiers moyen et ne dépassant pas la ligne médiane, prenant le #$contraste de façon hétérogène, mesurant 30 mm de diamètre #$antéropostérieur et 13 mm d'épaisseur. La masse reste à distance de #$la mandibule.#$Ganglions hypertrophiques du secteur IB atteignant 10 mm de petit axe #$(série 2 images 243), peu spécifiques (toutefois palpée cliniquement).#$Par ailleurs, absence de prise de contraste anormale de la filière #$aérodigestive supérieure.#$#$$1STDM thoracique et abdominale$0S : pas de lésion thoracique. Foie de #$taille normale, aux contours réguliers, siège de trois images #$nodulaires hypervasculaires la plus volumineuse du segment VI #$mesurant 23 mm (série 2 image 152), de nature difficile à déterminer #$sur cet examen seul, à mieux évaluer par une IRM hépatique.#$#$$1STEP $0S:#$* fixation intense de la lésion primitive de la langue mobile droite.#$* adénopathies homolatérales IB, et secteur II à IV.#$* pas de foyer hyperfixant viscéral ou osseux d'allure secondaire par #$ailleurs.#$#$$1SFOGD $0S: pas de lésion.#$#$$1GClassification TNM.#$cT3N2bM0.#$#$DECISION THERAPEUTIQUE :#$$0G Indication à une prise en charge chirurgicale à type de #$pelviglossectomie par voie cervico transorale associée à un curage #$ganglionnaire homolatéral des zone I à IV et reconstruction par un #$lambeau fasciocutané.#$Radiothérapie adjuvante plus ou moins potentialisée en fonction des #$résultats histologiques définitifs que le patient souhaite faire sur #$Gustave Roussy.#$Décision en accord avec le médecin référent : OUI#$#$$1S$1GACTES REALISES ET EVOLUTION DANS LE SERVICE$0S :$0G #$#$$1G$1EA l'admission :$0G$0E #$- poids : 67 kg#$- EVA : 0/10#$#$Intervention réalisée le 19/03/25 par les Docteurs GOR/ BENM #$/ AIR :#$#$$1C$1GTRACHEOTOMIE #$PELVI HEMI GLOSSECTOMIE DROITE PAR VOIE CERVICO TRANSORALE#$ CURAGE CERVICAL BILATERAL #$PRELEVEMENT D'UN LAMBEAU LIB
----------------------------------------
Model response for chunk 1: 4344 characters
Added new chunk with section_id: 1
Added new chunk with section_id: 2
Added new chunk with section_id: 3
Chunk 2:
RE MUSCULO-CUTANE DE GRAND DORSAL GAUCHE$0G #$$0C #$Analyse histologique de la pièce opératoire : en attente#$#$Suites opératoires :#$#$- Pneumopathie infectieuse hypoxémiante droite à Serratia marcescens #$traitée par CEFEPIME + FLAGYl du 22 au 29 mars. Oxygénorequérance #$majeure jusque 6L/min associée à de la VSAI intensive initiale. #$Evolution favorable clinique, patient actuellement eupnéique 1L/min #$d'O². #$#$- Paralysie diaphragmatique majeure droite évoquée devant un tableau #$de détresse respiratoire positionnelle intense en décubitus dorsal, #$nécessitant une VSAI nocturne continue initialement puis #$intermittente. L'évolution est favorable lentement avec une #$vraisemblable récupération spontanée. Sevrage de la VSAI nocturne #$depuis 48h.#$#$- Sepsis cervical avec drainage au bloc opératoire le 24/03. Les #$prélèvements microbiologiques ont mis en évidence le même germe que #$dans les prélèvements pulmonaires. Evolution locale favorable.#$#$- Patient retrouvé décanulé le 01/04 (parle spontanément) sans #$détresse respiratoire. #$Vu le tableau de paralysie diaphragmatique sous jacent, il est #$raisonnable de maintenir le patient trachéotomisé jusqu'à #$cicatrisation ORL. Un appareillage par VSAI au masque facial sera #$quasi impossible.#$#$Concernant l'évolution locale :#$Pointe de langue veineuse dès le lendemain de l'intervention. #$Délimitation progressive de la nécrose puis parage au lit du patient #$le 08/04/25.#$Ablation des agrafes du cou et du dos le 04/04.#$Décanulation le 04/04 sans problème particulier.#$Orifice de trachéotomie en cours de fermeture.#$Reprise de l'alimentation per os le 11/04 par mixture mixée et eau #$gazeuse, évaluation des ingesta à réaliser pour l'ablation de la SNG.#$#$Transfert à l'hôpital de la Pitié Salpétrière dans le service SRPR #$pour sa paralysie diaphragmatique.#$#$$1S$1GOrdonnances de sortie$0S :#$$0G - Pansement Mepore.#$- Antalgiques simples.#$- Nutrition entérale.#$#$$1S$1GDocuments remis à la sortie$0S :$0G #$- Convocation.#$- Ordonnance.#$- Bulletins de situation.#$- Bon de transport par taxi.#$- Feuilles de liaison infirmière.#$#$$1S$1GLes prochains rendez-vous$0S$0G : #$14/04/2025 14:00 UDN  BRD  ADM MCODIS    #$15/04/2025 08:55 136  GQB  PBO SEG RIL    #$           08:55 136  GQB  PBO CHIR GQB    #$           12:40 RTE  THV  TDM RT ORL    #$           14:40 ORL  PGE  DOS ORL HISTO  PO 19/03  #$17/04/2025 10:00 RTE  THV  CLA IEL IBS    #$18/04/2025 15:00 MOR  JGI  C ORL PGE PO    #$25/04/2025 08:00 AMB  DX0  ACC BLOC VVC    #$           09:00 RTE  THV  PBO SEG KT    #$           09:00 RTE  THV  PBO CHIR _AS    #$30/04/2025 10:50 RTE  THV  MEP VMAT V1    #$           11:00 RTE  THV  RTE VMAT V1    #$           14:00 RTE  THV  ADM INDRE-LOIRE    #$            14:00 IEL  DX0  ADM INDRE-LOIRE #$#$#$#$$1G" Conformément à l'article R710 2-1 du code de Santé Publique " :$0G #$Transfusion de produits sanguins labiles : non#$Portage de germe multirésistant : non#$Infections nosocomiales : non#$#$#$#$$1G#$#$_________________________________________________#$Signé électroniquement par Docteur Philippe GO #$Le vendredi avril 2025 à 15:09$0G #$#$#$#$$(Le médecin autorise l'établissement des prescriptions médicales de #$transports sanitaires du patient, adaptées à sa situation médicale.$)#$
----------------------------------------
Model response for chunk 2: 3977 characters
Added new chunk with section_id: 4
MERGE DETECTED - Concatenating with previous chunk
**Previous chunk content:
RE MUSCULO-CUTANE DE GRAND DORSAL GAUCHE$0G #$$0C #$Analyse histologique de la pièce opératoire : en attente#$#$Suites opératoires :#$#$- Pneumopathie infectieuse hypoxémiante droite à Serratia marcescens #$traitée par CEFEPIME + FLAGYl du 22 au 29 mars. Oxygénorequérance #$majeure jusque 6L/min associée à de la VSAI intensive initiale. #$Evolution favorable clinique, patient actuellement eupnéique 1L/min #$d'O². #$#$- Paralysie diaphragmatique majeure droite évoquée devant un tableau #$de détresse respiratoire positionnelle intense en décubitus dorsal, #$nécessitant une VSAI nocturne continue initialement puis #$intermittente. L'évolution est favorable lentement avec une #$vraisemblable récupération spontanée. Sevrage de la VSAI nocturne #$depuis 48h.#$#$- Sepsis cervical avec drainage au bloc opératoire le 24/03. Les #$prélèvements microbiologiques ont mis en évidence le même germe que #$dans les prélèvements pulmonaires. Evolution locale favorable.#$#$- Patient retrouvé décanulé le 01/04 (parle spontanément) sans #$détresse respiratoire. #$Vu le tableau de paralysie diaphragmatique sous jacent, il est #$raisonnable de maintenir le patient trachéotomisé jusqu'à #$cicatrisation ORL. Un appareillage par VSAI au masque facial sera #$quasi impossible.
**New content to merge:
#$Concernant l'évolution locale :#$Pointe de langue veineuse dès le lendemain de l'intervention. #$Délimitation progressive de la nécrose puis parage au lit du patient #$le 08/04/25.#$Ablation des agrafes du cou et du dos le 04/04.#$Décanulation le 04/04 sans problème particulier.#$Orifice de trachéotomie en cours de fermeture.#$Reprise de l'alimentation per os le 11/04 par mixture mixée et eau #$gazeuse, évaluation des ingesta à réaliser pour l'ablation de la SNG.#$#$Transfert à l'hôpital de la Pitié Salpétrière dans le service SRPR #$pour sa paralysie diaphragmatique.
Added new chunk with section_id: 6
Added new chunk with section_id: 7
Added new chunk with section_id: 8
Added new chunk with section_id: 9
  💾 Saved result to: 10693_20250_2025_ano.result.output.txt
  💾 Saved parsed_document to: 10693_20250_2025_ano.parsed_document.output.txt
    ✅ Success: 8 elements
    💾 Generated 3 output files:
       📋 10693_20250_2025_ano.result.output.txt
       📝 10693_20250_2025_ano.plain_text.output.txt
       🧩 10693_20250_2025_ano.parsed_document.output.txt

  📄 Processing: 10693_20250_20414_ano.txt (0.0 MB)
Chunk 1:
[...]
Par ailleurs, certaines de vos données sont pseudonymisées (c'est-à-dire privées de toutes informations directement identifiantes) et rassemblé
----------------------------------------
Model response for chunk 3: 4593 characters
MERGE DETECTED - Concatenating with previous chunk
**Previous chunk content:
## ÉVOLUTION

a été hospitalisée pour implantation d'un stimulateur cardiaque double chambre pour bloc atrioventriculaire sur coeur sain

A l'arrivée en USIC, la pat"
**New content to merge:
iente est stable sur le plan hémodynamique et eupnéique en air ambiant. L'ECG retrouve un rythme sinusal et régulier à 71 bpm, PR 200 ms , BBQ complet QRS 140 ms , pas de troubles de la repolarisation. L'ETT retrouve un ventricule gauche non dilaté, non hypertrophié de fonction systolique segmentaire et globale préservée à $65 \%$ et une absence de valvulopathie significative.

Geste réalisé le 15/04/2025 : implantation d'un boîtier de marque Saint-Jude.
Absence de pneumothorax et sondes en place à la radiographie thoracique de J1.
Absence de saignement ou hématome de loge.
Contrôle du boitier le 15/04 par le Dr BIA

- $\quad$ Sonde OD : détection 3.4 mV , impédance 550 ohms, seuil de stimulation 0.75 V 0.4 ms
- $\quad$ Sonde VD : détection 5.5 mV , impédance 580 ohms, seuil de stimulation 0.5 V 0.4 ms
- Programmation : DDD 60-130bpm

L'ECG de sortie montre un rythme sinusal 79bpm, BAV 1, BBQ complet avec axe hypergauche
Ablation du pansement compressif le 17/04 par IDE.
Réfection du pansement tous les 2 jours par IDE jusqu'à cicatrisation, environ 10 jours. Fils résorbables, pas de nécessité d'ablation.

Sur le plan thérapeutique: arrêt du cardensiel et du furosemide.
Retour à domicile le 16/04/25.
Consultation de rythmologie pour contrôle du boitier dans 6 mois avec le Pr Lellouche.
Poursuite du suivi avec le cardiologue traitant.
Added new chunk with section_id: 14
Added new chunk with section_id: 15
Added new chunk with section_id: 16
Added new chunk with section_id: 17
Added new chunk with section_id: 18
Chunk 4:
es dans un entrepôt de données de santé (EDS), afin d'être réutilisées pour produire des indicateurs de pilotage de l'activité hospitalière, ou pour faire progresser la recherche sous réserve de l'avis du comité scientifique et éthique de l'EDS.
Pour information : retrouvez vos documents AP-HP sur le carnet de santé national Mon espace santé https://monespacesante.fr, ainsi que sur l'espace documentaire de votre Espace patient AP-HP https://mon.aphp.fr
Pour plus d'informations sur le traitement de vos données personnelles et exercer vos droits, notamment d'opposition, rendez-vous sur https://www.aphp.fr/RGPD

Copie à :
Madame
----------------------------------------
Model response for chunk 4: 767 characters
MERGE DETECTED - Concatenating with previous chunk
**Previous chunk content:
## Courrier non validé

## Le document a été remis au patient lors de sa sortie

Pour assurer votre prise en charge, l'AP-HP s'engage à collecter vos données personnelles (ex. : nom, prénom, antécédents médicaux) dans des outils numériques hautement sécurisés et conformément à la réglementation applicable.
Pour optimiser leur activité, certains services sont susceptibles d'utiliser des outils d'intelligence artificielle, avec une validation humaine.
Par ailleurs, certaines de vos données sont pseudonymisées (c'est-à-dire privées de toutes informations directement identifiantes) et rassemblé
**New content to merge:
es dans un entrepôt de données de santé (EDS), afin d'être réutilisées pour produire des indicateurs de pilotage de l'activité hospitalière, ou pour faire progresser la recherche sous réserve de l'avis du comité scientifique et éthique de l'EDS.
Pour information : retrouvez vos documents AP-HP sur le carnet de santé national Mon espace santé https://monespacesante.fr, ainsi que sur l'espace documentaire de votre Espace patient AP-HP https://mon.aphp.fr
Pour plus d'informations sur le traitement de vos données personnelles et exercer vos droits, notamment d'opposition, rendez-vous sur https://www.aphp.fr/RGPD

Copie à :
Madame
  💾 Saved result to: SimbadScan2014149.result.output.txt
  💾 Saved parsed_document to: SimbadScan2014149.parsed_document.output.txt
    ✅ Success: 17 elements
    💾 Generated 3 output files:
       📋 SimbadScan2014149.result.output.txt
       📝 SimbadScan2014149.plain_text.output.txt
       🧩 SimbadScan2014149.parsed_document.output.txt

  📄 Processing: CO1104106785980 conv 2.pdf (0.3 MB)
Chunk 1:
|  |  | capsul <br> aire |
| :-- | :-- | :-- |
| Ganglion ligament triangulaire | IN- |  |
| Ganglion sous-carénaire | IN- |  |
| Ganglion fenêtre aorto-pulmonaire | 4 N - |  |
| Ganglion hilaire | IN- |  |
| TOTAL: | 7N-7N |  |

*site comme mentionné sur le bon de demande
** Curage (= amas gglion + graisse), Gglion (= ganglion entier), Fragment (= débris de gglion).
CONCLUSION : Plèce de pyramidectomie. Tumeur mesurant 9 mm répondant à un adénocarcinome in situ. Angio-invasion absente. Plèvre viscérale non infiltrée. Ganglions non métastasés ( 7 N -). Recoupe bronchique non infiltrée. Recoupe vasculaire non infiltrée. Stade pTisNORO.

Date de dictée :
Date de saisie : 1
Date de validatic
----------------------------------------
Model response for chunk 1: 1009 characters
Added new chunk with section_id: 1
Added new chunk with section_id: 2
Added new chunk with section_id: 3
  💾 Saved result to: CO1104106785980 conv 2.result.output.txt
  💾 Saved parsed_document to: CO1104106785980 conv 2.parsed_document.output.txt
    ✅ Success: 3 elements
    💾 Generated 3 output files:
       📋 CO1104106785980 conv 2.result.output.txt
       📝 CO1104106785980 conv 2.plain_text.output.txt
       🧩 CO1104106785980 conv 2.parsed_document.output.txt

  📄 Processing: CO1104106785980 conv 1.pdf (0.4 MB)
Chunk 1:
# SERVICE D'ANATOMIE ET DE CYTOLOGIE PATHOLOGIOUES - PAVILLON DE L'ETOILE

Hôpital Nord Chemin des Bourrely - 13915 MARSEILLE Cedex 20 Tél. 0491965606 - Fax. 0491965595 NIP : 2101242338 UF :

Prescripteur

Sexe : F

Date du prélèvement : Enregistré le : Secrétaire :

Destinataire :

HOSPIT.CHIRURGIE THORACIQUE-HN APHM HOPITAL NORD 13915 MARSEILLE

PYRAMIDECTOMIE

Renseignements cliniques : Tumeur mixte évolutive du LIG chez une patiente fumeuse.

MACROSCOPIE Type de résection : pyramidectomie. Tumeur principale : parenchymateuse. Siège : intermédiaire. Taille: Longueur 9 mm. Largeur 5 mm. Epaisseur 4 mm. Aspect : lésion en verre dépoli. Distance à la tranche de section bronchique : 3,5 cm. Distance à la plèvre viscérale : 5 mm. Encoche pleurale : absente. Tumeur satellite : non. Poumon non tumoral. RAS.

HISTOLOGIE Type de la tumeur : adénocarcinome in situ (lépidique) mesurant 9 mm sur coupe histologique. Absence de papilles, absence ce micro-papille. Immunophénotypage : TTF1+, ALK-, ROS-, PDL! TPS < 1%. Stroma : grêle. Remaniements : absents. Angio-invasion : absente. STAS : absence. Plèvre viscérale : non infiltrée. Recoupe bronchique : Infiltration de la paroi bronchique par la tumeur : absente. Epithélium bronchique : normal. Recoupe vasculaire : normale. Ganglions prélevés sur pièce : 0. Autres lésions : 0.

CURAGES GANGLIONNAIRES

|  Site* | N+/NO | Embol e(s) Ruptur e  |
| --- | --- | --- |
|  |   |   |

page 1/2
----------------------------------------
Model response for chunk 1: 1866 characters
Added new chunk with section_id: 1
Added new chunk with section_id: 2
Added new chunk with section_id: 3
Added new chunk with section_id: 4
  💾 Saved result to: CO1104106785980 conv 1.result.output.txt
  💾 Saved parsed_document to: CO1104106785980 conv 1.parsed_document.output.txt
    ✅ Success: 4 elements
    💾 Generated 3 output files:
       📋 CO1104106785980 conv 1.result.output.txt
       📝 CO1104106785980 conv 1.plain_text.output.txt
       🧩 CO1104106785980 conv 1.parsed_document.output.txt

  📄 Processing: 106925_Philips conv.pdf (0.7 MB)
Chunk 1:
# GUSTAVE ROUSSY

## CANCER CAMPUS GRAND PARIS

### SERVICE D'IMAGERIE DIAGNOSTIC

PR C. BALLEYGUIER
CHEFFE DE SERVICE
Tél. : 33 (0)1 42 11 60 74
cortinne.balleyguier@gustavveroussy.fr

### CADRE DE DÉPARTEMENT

V. FORTE
Tél. : 33 (0)1 42 11 43 99
veronica.forte@gustavveroussy.fr

### SECRÉTAIRE PRINCIPALE

S. SOCHET
Tél. : 33 (0)1 42 11 48 73
sophie.sochet@gustavveroussy.fr

### SECRÉTARIAT MÉDICAL

SCANNER
Tél. : 33 (0)1 42 11 48 93
IRM
Tél. : 33 (0)1 42 11 48 54
MAMMOGRAPHIE
Tél. : 33 (0)1 42 11 48 85
ÉCHOGRAPHIE
Tél. : 33 (0)1 42 11 60 78

### IPP :
Né(e) le :

### Cadre

Code protocole : TDM THX HIT D
Examen réalisé sur : Siemens CT Force. N° d'agrément M940093. Mis en service le 09 juillet 2020
Rapport validé par :

Examen réalisé le : /04/2025 à

# SCANNER THORACIQUE DE DEPISTAGE

## INDICATION :

Scanner de dépistage à la recherche d'une lésion primitive pulmonaire. Facteurs de risques.

## TECHNIQUE :

Réalisation d'une acquisition :
- Thoracique basse dose
Examen réalisé sans injection de produit de contraste

PDL : 31.22 mGy.cm

## RESULTAT :

Absence de nodule pulmonaire suspect.
Absence de condensation parenchymateuse suspecte de lésion primitive.
Absence d'adénopathie médiastinale, des chaînes mammaires internes ou axillaires bilatérales.
Absence d'épanchement pleural.
Absence d'épanchement péricardique.
Absence d'anomalie des gros vaisseaux.
Absence d'anomalie pariétale.
Absence de lésion osseuse lytique ou condensant suspecte.

## Calcification des artères coronaires :

Score calcique : 326.1

## Autres lésions de découverte fortuite :

Absence d'anomalie sur les coupes abdominales hautes.

## CONCLUSION :

Pas d'image suspecte de lésion primitive pulmonaire.

![img-0.jpeg](img-0.jpeg)

### 1ER CENTRE EUROPÉEN

4E CENTRE MONDIAL DE LUTTE CONTRE LE CANCER
INSTITUT GUSTAVE ROUSSY

114, rue Édouard-Vaillant - 94805 Villejuif Cedex - France - Tél : 33 (0)1 42 11 42 11 - Fax : 33 (0)1 42 11 53 00
Centre de lutte contre le cancer autorisé à recevoir les dons et legs - ordonnance du 1er octobre 1945
N° SIREN 775 74 11 01 CODE APE 86102 CCP PARIS 709 26 Z
Siège : 39, rue Camille Desmoulins - 94805 Villejuif Cedex - France

Page 1 sur 2

![img-1.jpeg](img-1.jpeg)

Courrier rédigé avec un logiciel de reconnaissance vocale pouvant comporter quelques imperfections orthographiques.

Signé & Validé electroniquement par : 1

![img-2.jpeg](img-2.jpeg)

1ER CENTRE EUROPÉEN
4E CENTRE MONDIAL DE LUTTE CONTRE LE CANCER
INSTITUT GUSTAVE ROUSSY

114, rue Édouard-Vaillant - 94805 Villejuif Cedex - France - Tél : 33 (0)1 42 11 42 11 - Fax : 33 (0)1 42 11 53 00
Centre de lutte contre le cancer autorisé à recevoir les dons et legs - ordonnance du 1er octobre 1945
N° SIREN 775 74 11 01 CODE APE 8610Z CCP PARIS 709 26 Z
Siège : 39, rue Camille Desmoulins - 94805 Villejuif Cedex - France

Page 2 sur 2
----------------------------------------
Model response for chunk 1: 3360 characters
Added new chunk with section_id: 1
Added new chunk with section_id: 2
Added new chunk with section_id: 3
Added new chunk with section_id: 4
MERGE DETECTED - Concatenating with previous chunk
**Previous chunk content:
![img-0.jpeg](img-0.jpeg)

### 1ER CENTRE EUROPÉEN

4E CENTRE MONDIAL DE LUTTE CONTRE LE CANCER
INSTITUT GUSTAVE ROUSSY

114, rue Édouard-Vaillant - 94805 Villejuif Cedex - France - Tél : 33 (0)1 42 11 42 11 - Fax : 33 (0)1 42 11 53 00
Centre de lutte contre le cancer autorisé à recevoir les dons et legs - ordonnance du 1er octobre 1945
N° SIREN 775 74 11 01 CODE APE 86102 CCP PARIS 709 26 Z
Siège : 39, rue Camille Desmoulins - 94805 Villejuif Cedex - France

Page 1 sur 2
**New content to merge:
![img-1.jpeg](img-1.jpeg)

Courrier rédigé avec un logiciel de reconnaissance vocale pouvant comporter quelques imperfections orthographiques.

Signé & Validé electroniquement par : 1

![img-2.jpeg](img-2.jpeg)

1ER CENTRE EUROPÉEN
4E CENTRE MONDIAL DE LUTTE CONTRE LE CANCER
INSTITUT GUSTAVE ROUSSY

114, rue Édouard-Vaillant - 94805 Villejuif Cedex - France - Tél : 33 (0)1 42 11 42 11 - Fax : 33 (0)1 42 11 53 00
Centre de lutte contre le cancer autorisé à recevoir les dons et legs - ordonnance du 1er octobre 1945
N° SIREN 775 74 11 01 CODE APE 8610Z CCP PARIS 709 26 Z
Siège : 39, rue Camille Desmoulins - 94805 Villejuif Cedex - France

Page 2 sur 2
  💾 Saved result to: 106925_Philips conv.result.output.txt
  💾 Saved parsed_document to: 106925_Philips conv.parsed_document.output.txt
    ✅ Success: 4 elements
    💾 Generated 3 output files:
       📋 106925_Philips conv.result.output.txt
       📝 106925_Philips conv.plain_text.output.txt
       🧩 106925_Philips conv.parsed_document.output.txt

  📄 Processing: 5106795conv 1.pdf (0.8 MB)
Chunk 1:
# Hôpital Paris Saint-Joseph 

Réanimation médico-chirurgicale

Chef de service
Dr Cédric Bruel
cbruel@ghpsj.fr
Chef de service adjoint
Dr François Philippart
Médecin adjoint
Dr Marc Tran
Médecins assistants
Dr Paul Cirera
Dr Estelle Nicolas
Dr Alexia Plocque-Saldmann
Médecin 24h/24h
Tel : 0144126991
Secrétariat
reanimation-usc@ghpsj.fr
Fax: 0144127351
Cécile Petit
Tel : 0144123085
Virginie Léger
Tel : 0144127855

Cadre infirmier
Mathieu Airault
Tel : 0144127857
Postes de soins
Tel : 0144123080
Tel : 0144123081
Tel : 0144123526
Tel : 0144123779

Destinaire principal :
17 rue Clignancourt - 15018 PARIS

Double :
Dr - 2 bis rue de Bougainville - 75007 PARIS (Centre de Cancérologie de la Porte de Saint-Cloud)
Dr LEMOINE - Gastro-Entérologie - Hôpital Saint-Joseph - 185 rue Raymond Losserand - 75014 PARIS

Paris le, 23.04.25 16:17

## Cher confrère,

Veuillez trouver ci-joint le compte rendu d'hospitalisation de né(e) le

Veuillez recevoir, mon cher confrère, l'expression de ma meilleure considération.

# Hôpital Paris Saint-Joseph

Réanimation médico-chirurgicale

Compte rendu d'hospitalisation d

Statut CRH définitif DONNEES PATIENT

|  |   |   |   |
| --- | --- | --- | --- |
|  Age | 32 ans | Taille | 188 cm  |
|  IPP |  | Poids | 118 kg  |
|  Sexe | Masculin | IMC | 33,4  |
|  Groupe sanguin |  | Profession | Chauffeur livreur.  |

ADMISSION

Hémorragie digestive.

|  |   |   |   |
| --- | --- | --- | --- |
|  Vient de | Gastro-entérologie | Heure admission | 13.04.2025 15:35  |

ANTECEDENTS

|  |   |   |   |
| --- | --- | --- | --- |
|  Médicaux | - Cancer du testicule droit métastatique en rupture de suivi depuis Juillet 2023 : Suivi par le Dr Delanian en 2023 (centre de Cancérologie de la Porte de Saint-Cloud), ne l'a pas revu depuis. |  |   |
|   | . Initialement : métastases pulmonaires, ganglionnaires médiastinales, ganglionnaires rétro-péritonéales, hépatiques ; urétérohydronéphrose droite. |  |   |
|   | . Tumorectomie testiculaire droite le 23/03/2023. |  |   |
|   | . 3 cures de Bléomycine-Etoposide-Cisplatine de Mars à Mai 2023 puis 2 cures d'Etoposide-Cisplatine en Juin 2023. |  |   |
|   | . TEP-scanner en Juillet 2023 montrant une régression quasi complète des lésions, avec nécessité de poursuite d'une chimiothérapie d'entretien par Etoposide. |  |   |
|   | . En rupture de suivi depuis Juillet 2023 : n'a pas fait la cure d'entretien ni les imageries de contrôle. |  |   |

Chirurgicaux - Tumorectomie du testicule droit (2023). - Pose de chambre implantable en Avril 2023 (toujours en place).

Familiaux - Mère : diabète de type 2. - Père : accident vasculaire cérébral à 55 ans.

ALLERGIES

TRAITEMENT HABITUEL

MODE DE VIE

Statut mode de vie : A domicile

Famille présente

Habitation : Vit en appartement au 3e étage avec ascenseur avec sa mère et son frère.

Aide à domicile : Aucune

Score ADL : 6 Score IADL : 8

Contacts Personne de confiance (Nom - Lien) Personne de confiance (Téléphone)

Hôpital Paris Saint-Joseph - SIRET 775 582 890 000 36 - PINESB 750000323 - 185, rue Raymond Losserand - 78014 PARIS Page 2/7

# Hôpital Paris Saint-Joseph

Réanimation médico-chirurgicale

Personne à prévenir (Nom - Lien) Personne à prévenir (Téléphone) Notes Contact

|  Directives anticipées | Voyages récents  |
| --- | --- |
|  Non | Non  |

|  Addictions |   |
| --- | --- |
|  Alcool | Occasionnel  |
|  Stupéfiants |   |
|  Stupéfiants: Type - Notes | Non  |
|  Tabac | Oui  |
|  Tabac / Année | 13  |

Cannabis 5 joints/j pendant 10 ans.

Hôpital Paris Saint-Joseph - SIRET 775 682 990 000 38 - FINESS 750000523 - 185, rue Raymond Lossanand - 75014 PARIS Soutenez notre Hôpital, faites un don sur www.hpsj.fr Page 3/7
----------------------------------------
Model response for chunk 1: 4139 characters
Added new chunk with section_id: 1
Added new chunk with section_id: 2
Added new chunk with section_id: 3
Added new chunk with section_id: 4
Added new chunk with section_id: 5
Added new chunk with section_id: 6
  💾 Saved result to: 5106795conv 1.result.output.txt
  💾 Saved parsed_document to: 5106795conv 1.parsed_document.output.txt
    ✅ Success: 6 elements
    💾 Generated 3 output files:
       📋 5106795conv 1.result.output.txt
       📝 5106795conv 1.plain_text.output.txt
       🧩 5106795conv 1.parsed_document.output.txt

📊 OCR Summary:
  Successful: 9
  Failed: 0
  Total characters extracted: 0
  Total words extracted: 0
  Average chars per file: 0
  Files generated: 27 output files
PASSED
test_real_files.py::TestRealFiles::test_all_text_files_parsing 
🔄 Processing ALL TEXT FILES

📊 Text File Summary:
  Successful: 0
  Failed: 0
  Total characters: 0
  Total words: 0
PASSED
test_real_files.py::TestRealFiles::test_create_master_summary 
📇 Creating master summary
  📇 Summary saved to: PROCESSING_SUMMARY.output.txt
  📊 Total files processed: 18
PASSED

=============================== warnings summary ===============================
test_real_files.py: 25 warnings
  /Users/chris.beltran/code/ClarityGR/poc-aifac-claritygr/venv/lib/python3.13/site-packages/mistralai/models/usermessage.py:42: PydanticDeprecatedSince211: Accessing the 'model_fields' attribute on the instance is deprecated. Instead, you should access this attribute from the model class. Deprecated in Pydantic V2.11 to be removed in V3.0.
    for n, f in self.model_fields.items():

test_real_files.py: 25 warnings
  /Users/chris.beltran/code/ClarityGR/poc-aifac-claritygr/venv/lib/python3.13/site-packages/mistralai/models/chatcompletionrequest.py:181: PydanticDeprecatedSince211: Accessing the 'model_fields' attribute on the instance is deprecated. Instead, you should access this attribute from the model class. Deprecated in Pydantic V2.11 to be removed in V3.0.
    for n, f in self.model_fields.items():

test_real_files.py::TestRealFiles::test_all_pdfs_real_ocr
test_real_files.py::TestRealFiles::test_all_pdfs_real_ocr
test_real_files.py::TestRealFiles::test_all_pdfs_real_ocr
test_real_files.py::TestRealFiles::test_all_pdfs_real_ocr
test_real_files.py::TestRealFiles::test_all_pdfs_real_ocr
  /Users/chris.beltran/code/ClarityGR/poc-aifac-claritygr/venv/lib/python3.13/site-packages/mistralai/models/documenturlchunk.py:38: PydanticDeprecatedSince211: Accessing the 'model_fields' attribute on the instance is deprecated. Instead, you should access this attribute from the model class. Deprecated in Pydantic V2.11 to be removed in V3.0.
    for n, f in self.model_fields.items():

test_real_files.py::TestRealFiles::test_all_pdfs_real_ocr
test_real_files.py::TestRealFiles::test_all_pdfs_real_ocr
test_real_files.py::TestRealFiles::test_all_pdfs_real_ocr
test_real_files.py::TestRealFiles::test_all_pdfs_real_ocr
test_real_files.py::TestRealFiles::test_all_pdfs_real_ocr
  /Users/chris.beltran/code/ClarityGR/poc-aifac-claritygr/venv/lib/python3.13/site-packages/mistralai/models/ocrrequest.py:94: PydanticDeprecatedSince211: Accessing the 'model_fields' attribute on the instance is deprecated. Instead, you should access this attribute from the model class. Deprecated in Pydantic V2.11 to be removed in V3.0.
    for n, f in self.model_fields.items():

-- Docs: https://docs.pytest.org/en/stable/how-to/capture-warnings.html
================== 5 passed, 60 warnings in 902.94s (0:15:02) ==================
